Log file open, 01/11/20 16:21:00
LogWindows: Failed to load 'aqProf.dll' (GetLastError=126)
LogWindows: File 'aqProf.dll' does not exist
LogWindows: Failed to load 'VtuneApi.dll' (GetLastError=126)
LogWindows: File 'VtuneApi.dll' does not exist
LogWindows: Failed to load 'VtuneApi32e.dll' (GetLastError=126)
LogWindows: File 'VtuneApi32e.dll' does not exist
LogConsoleResponse: Display: Failed to find resolution value strings in scalability ini. Falling back to default.
LogInit: Display: Running engine for game: VoodoPickles
LogPlatformFile: Not using cached read wrapper
LogTaskGraph: Started task graph with 5 named threads and 23 total threads with 3 sets of task threads.
LogStats: Stats thread started at 0.062975
LogD3D11RHI: Loaded GFSDK_Aftermath_Lib.x64.dll
LogICUInternationalization: ICU TimeZone Detection - Raw Offset: +1:00, Platform Override: ''
LogPluginManager: Mounting plugin Paper2D
LogPluginManager: Mounting plugin AISupport
LogPluginManager: Mounting plugin LightPropagationVolume
LogPluginManager: Mounting plugin ActorLayerUtilities
LogPluginManager: Mounting plugin AnimationSharing
LogPluginManager: Mounting plugin CLionSourceCodeAccess
LogPluginManager: Mounting plugin CodeLiteSourceCodeAccess
LogPluginManager: Mounting plugin GitSourceControl
LogPluginManager: Mounting plugin KDevelopSourceCodeAccess
LogPluginManager: Mounting plugin NullSourceCodeAccess
LogPluginManager: Mounting plugin PerforceSourceControl
LogPluginManager: Mounting plugin SubversionSourceControl
LogPluginManager: Mounting plugin UObjectPlugin
LogPluginManager: Mounting plugin VisualStudioCodeSourceCodeAccess
LogPluginManager: Mounting plugin VisualStudioSourceCodeAccess
LogPluginManager: Mounting plugin XCodeSourceCodeAccess
LogPluginManager: Mounting plugin AssetManagerEditor
LogPluginManager: Mounting plugin CryptoKeys
LogPluginManager: Mounting plugin CurveEditorTools
LogPluginManager: Mounting plugin DataValidation
LogPluginManager: Mounting plugin FacialAnimation
LogPluginManager: Mounting plugin GameplayTagsEditor
LogPluginManager: Mounting plugin MacGraphicsSwitching
LogPluginManager: Mounting plugin MaterialAnalyzer
LogPluginManager: Mounting plugin MobileLauncherProfileWizard
LogPluginManager: Mounting plugin PluginBrowser
LogPluginManager: Mounting plugin SpeedTreeImporter
LogPluginManager: Mounting plugin DatasmithContent
LogPluginManager: Mounting plugin VariantManagerContent
LogPluginManager: Mounting plugin AlembicImporter
LogPluginManager: Mounting plugin AutomationUtils
LogPluginManager: Mounting plugin BackChannel
LogPluginManager: Mounting plugin CharacterAI
LogPluginManager: Mounting plugin GeometryCache
LogPluginManager: Mounting plugin HTML5Networking
LogPluginManager: Mounting plugin PlatformCrypto
LogPluginManager: Mounting plugin ProxyLODPlugin
LogPluginManager: Mounting plugin SkeletalReduction
LogPluginManager: Mounting plugin MagicLeap
LogPluginManager: Mounting plugin MagicLeapMedia
LogPluginManager: Mounting plugin AndroidMedia
LogPluginManager: Mounting plugin AvfMedia
LogPluginManager: Mounting plugin ImgMedia
LogPluginManager: Mounting plugin MediaCompositing
LogPluginManager: Mounting plugin MediaPlayerEditor
LogPluginManager: Mounting plugin WebMMedia
LogPluginManager: Mounting plugin WmfMedia
LogPluginManager: Mounting plugin TcpMessaging
LogPluginManager: Mounting plugin UdpMessaging
LogPluginManager: Mounting plugin ActorSequence
LogPluginManager: Mounting plugin LevelSequenceEditor
LogPluginManager: Mounting plugin MatineeToLevelSequence
LogPluginManager: Mounting plugin NetcodeUnitTest
LogPluginManager: Mounting plugin NUTUnrealEngine4
LogPluginManager: Mounting plugin OnlineSubsystemGooglePlay
LogPluginManager: Mounting plugin OnlineSubsystemIOS
LogPluginManager: Mounting plugin OnlineSubsystem
LogPluginManager: Mounting plugin OnlineSubsystemNull
LogPluginManager: Mounting plugin OnlineSubsystemUtils
LogPluginManager: Mounting plugin LauncherChunkInstaller
LogPluginManager: Mounting plugin AndroidDeviceProfileSelector
LogPluginManager: Mounting plugin AndroidMoviePlayer
LogPluginManager: Mounting plugin AndroidPermission
LogPluginManager: Mounting plugin AppleImageUtils
LogPluginManager: Mounting plugin AppleMoviePlayer
LogPluginManager: Mounting plugin ArchVisCharacter
LogPluginManager: Mounting plugin AudioCapture
LogPluginManager: Mounting plugin CableComponent
LogPluginManager: Mounting plugin CustomMeshComponent
LogPluginManager: Mounting plugin EditableMesh
LogPluginManager: Mounting plugin ExampleDeviceProfileSelector
LogPluginManager: Mounting plugin GoogleCloudMessaging
LogPluginManager: Mounting plugin IOSDeviceProfileSelector
LogPluginManager: Mounting plugin LinuxDeviceProfileSelector
LogPluginManager: Mounting plugin LocationServicesBPLibrary
LogPluginManager: Mounting plugin MobilePatchingUtils
LogPluginManager: Mounting plugin OculusVR
LogPluginManager: Mounting plugin PhysXVehicles
LogPluginManager: Mounting plugin ProceduralMeshComponent
LogPluginManager: Mounting plugin RuntimePhysXCooking
LogPluginManager: Mounting plugin SignificanceManager
LogPluginManager: Mounting plugin SteamVR
LogPluginManager: Mounting plugin WebMMoviePlayer
LogPluginManager: Mounting plugin WindowsMoviePlayer
LogPluginManager: Mounting plugin ScreenshotTools
LogInit: Using libcurl 7.55.1-DEV
LogInit:  - built for x86_64-pc-win32
LogInit:  - supports SSL with OpenSSL/1.1.1
LogInit:  - supports HTTP deflate (compression) using libz 1.2.8
LogInit:  - other features:
LogInit:      CURL_VERSION_SSL
LogInit:      CURL_VERSION_LIBZ
LogInit:      CURL_VERSION_IPV6
LogInit:      CURL_VERSION_ASYNCHDNS
LogInit:      CURL_VERSION_LARGEFILE
LogInit:      CURL_VERSION_IDN
LogInit:  CurlRequestOptions (configurable via config and command line):
LogInit:  - bVerifyPeer = true  - Libcurl will verify peer certificate
LogInit:  - bUseHttpProxy = false  - Libcurl will NOT use HTTP proxy
LogInit:  - bDontReuseConnections = false  - Libcurl will reuse connections
LogInit:  - MaxHostConnections = 16  - Libcurl will limit the number of connections to a host
LogInit:  - LocalHostAddr = Default
LogInit:  - BufferSize = 65536
LogOnline: OSS: Creating online subsystem instance for: NULL
LogInit: WinSock: version 1.1 (2.2), MaxSocks=32767, MaxUdp=65467
LogInit: Build: ++UE4+Release-4.23-CL-9631420
LogInit: Engine Version: 4.23.1-9631420+++UE4+Release-4.23
LogInit: Compatible Engine Version: 4.23.0-8386587+++UE4+Release-4.23
LogInit: Net CL: 8386587
LogInit: OS: Windows 10 (Release 1903) (), CPU: Intel(R) Core(TM) i7-4790K CPU @ 4.00GHz, GPU: NVIDIA GeForce GTX 970
LogInit: Compiled (64-bit): Oct 18 2019 02:07:44
LogInit: Compiled with Visual C++: 19.16.27030.01
LogInit: Build Configuration: Development
LogInit: Branch Name: ++UE4+Release-4.23
LogInit: Command Line: 
LogInit: Base Directory: E:/Epic Games/UE_4.23/Engine/Binaries/Win64/
LogInit: Installed Engine Build: 1
LogDevObjectVersion: Number of dev versions registered: 23
LogDevObjectVersion:   Dev-Blueprints (B0D832E4-1F89-4F0D-ACCF-7EB736FD4AA2): 10
LogDevObjectVersion:   Dev-Build (E1C64328-A22C-4D53-A36C-8E866417BD8C): 0
LogDevObjectVersion:   Dev-Core (375EC13C-06E4-48FB-B500-84F0262A717E): 3
LogDevObjectVersion:   Dev-Editor (E4B068ED-F494-42E9-A231-DA0B2E46BB41): 34
LogDevObjectVersion:   Dev-Framework (CFFC743F-43B0-4480-9391-14DF171D2073): 35
LogDevObjectVersion:   Dev-Mobile (B02B49B5-BB20-44E9-A304-32B752E40360): 2
LogDevObjectVersion:   Dev-Networking (A4E4105C-59A1-49B5-A7C5-40C4547EDFEE): 0
LogDevObjectVersion:   Dev-Online (39C831C9-5AE6-47DC-9A44-9C173E1C8E7C): 0
LogDevObjectVersion:   Dev-Physics (78F01B33-EBEA-4F98-B9B4-84EACCB95AA2): 0
LogDevObjectVersion:   Dev-Platform (6631380F-2D4D-43E0-8009-CF276956A95A): 0
LogDevObjectVersion:   Dev-Rendering (12F88B9F-8875-4AFC-A67C-D90C383ABD29): 31
LogDevObjectVersion:   Dev-Sequencer (7B5AE74C-D270-4C10-A958-57980B212A5A): 11
LogDevObjectVersion:   Dev-VR (D7296918-1DD6-4BDD-9DE2-64A83CC13884): 2
LogDevObjectVersion:   Dev-LoadTimes (C2A15278-BFE7-4AFE-6C17-90FF531DF755): 1
LogDevObjectVersion:   Private-Geometry (6EACA3D4-40EC-4CC1-B786-8BED09428FC5): 3
LogDevObjectVersion:   Dev-AnimPhys (29E575DD-E0A3-4627-9D10-D276232CDCEA): 17
LogDevObjectVersion:   Dev-Anim (AF43A65D-7FD3-4947-9873-3E8ED9C1BB05): 2
LogDevObjectVersion:   Dev-ReflectionCapture (6B266CEC-1EC7-4B8F-A30B-E4D90942FC07): 1
LogDevObjectVersion:   Dev-Automation (0DF73D61-A23F-47EA-B727-89E90C41499A): 1
LogDevObjectVersion:   FortniteMain (601D1886-AC64-4F84-AA16-D3DE0DEAC7D6): 27
LogDevObjectVersion:   Dev-Enterprise (9DFFBCD6-494F-0158-E221-12823C92A888): 6
LogDevObjectVersion:   Dev-Niagara (F2AED0AC-9AFE-416F-8664-AA7FFA26D6FC): 1
LogDevObjectVersion:   Dev-Destruction (174F1F0B-B4C6-45A5-B13F-2EE8D0FB917D): 9
LogInit: Presizing for max 16777216 objects, including 0 objects not considered by GC, pre-allocating 0 bytes for permanent pool.
LogInit: Object subsystem initialized
LogConfig: Setting CVar [[con.DebugEarlyDefault:1]]
LogConfig: Setting CVar [[r.setres:1280x720]]
[2020.01.11-15.21.00:969][  0]LogConfig: Setting CVar [[r.VSync:0]]
[2020.01.11-15.21.00:969][  0]LogConfig: Setting CVar [[r.RHICmdBypass:0]]
[2020.01.11-15.21.00:969][  0]LogConfig: Applying CVar settings from Section [/Script/Engine.RendererSettings] File [F:/SNACK/VoodoPickles/VoodoPickles/Saved/Config/Windows/Engine.ini]
[2020.01.11-15.21.00:969][  0]LogConfig: Setting CVar [[r.GPUCrashDebugging:0]]
[2020.01.11-15.21.00:969][  0]LogConfig: Setting CVar [[r.MobileHDR:1]]
[2020.01.11-15.21.00:969][  0]LogConfig: Setting CVar [[r.Mobile.DisableVertexFog:1]]
[2020.01.11-15.21.00:969][  0]LogConfig: Setting CVar [[r.Shadow.CSM.MaxMobileCascades:2]]
[2020.01.11-15.21.00:969][  0]LogConfig: Setting CVar [[r.MobileMSAA:1]]
[2020.01.11-15.21.00:969][  0]LogConfig: Setting CVar [[r.Mobile.UseLegacyShadingModel:0]]
[2020.01.11-15.21.00:969][  0]LogConfig: Setting CVar [[r.Mobile.UseHWsRGBEncoding:0]]
[2020.01.11-15.21.00:969][  0]LogConfig: Setting CVar [[r.Mobile.AllowDitheredLODTransition:0]]
[2020.01.11-15.21.00:969][  0]LogConfig: Setting CVar [[r.Mobile.AllowSoftwareOcclusion:0]]
[2020.01.11-15.21.00:969][  0]LogConfig: Setting CVar [[r.DiscardUnusedQuality:0]]
[2020.01.11-15.21.00:969][  0]LogConfig: Setting CVar [[r.AllowOcclusionQueries:1]]
[2020.01.11-15.21.00:969][  0]LogConfig: Setting CVar [[r.MinScreenRadiusForLights:0.030000]]
[2020.01.11-15.21.00:969][  0]LogConfig: Setting CVar [[r.MinScreenRadiusForDepthPrepass:0.030000]]
[2020.01.11-15.21.00:969][  0]LogConfig: Setting CVar [[r.MinScreenRadiusForCSMDepth:0.010000]]
[2020.01.11-15.21.00:970][  0]LogConfig: Setting CVar [[r.PrecomputedVisibilityWarning:0]]
[2020.01.11-15.21.00:970][  0]LogConfig: Setting CVar [[r.TextureStreaming:1]]
[2020.01.11-15.21.00:970][  0]LogConfig: Setting CVar [[Compat.UseDXT5NormalMaps:0]]
[2020.01.11-15.21.00:970][  0]LogConfig: Setting CVar [[r.VirtualTextures:0]]
[2020.01.11-15.21.00:970][  0]LogConfig: Setting CVar [[r.VirtualTexturedLightmaps:0]]
[2020.01.11-15.21.00:970][  0]LogConfig: Setting CVar [[r.VT.TileSize:128]]
[2020.01.11-15.21.00:970][  0]LogConfig: Setting CVar [[r.VT.TileBorderSize:4]]
[2020.01.11-15.21.00:970][  0]LogConfig: Setting CVar [[r.vt.FeedbackFactor:16]]
[2020.01.11-15.21.00:970][  0]LogConfig: Setting CVar [[r.VT.EnableCompressZlib:1]]
[2020.01.11-15.21.00:970][  0]LogConfig: Setting CVar [[r.VT.EnableCompressCrunch:0]]
[2020.01.11-15.21.00:970][  0]LogConfig: Setting CVar [[r.ClearCoatNormal:0]]
[2020.01.11-15.21.00:970][  0]LogConfig: Setting CVar [[r.ReflectionCaptureResolution:128]]
[2020.01.11-15.21.00:970][  0]LogConfig: Setting CVar [[r.ReflectionEnvironmentLightmapMixBasedOnRoughness:1]]
[2020.01.11-15.21.00:970][  0]LogConfig: Setting CVar [[r.ForwardShading:0]]
[2020.01.11-15.21.00:970][  0]LogConfig: Setting CVar [[r.VertexFoggingForOpaque:1]]
[2020.01.11-15.21.00:970][  0]LogConfig: Setting CVar [[r.AllowStaticLighting:1]]
[2020.01.11-15.21.00:970][  0]LogConfig: Setting CVar [[r.NormalMapsForStaticLighting:0]]
[2020.01.11-15.21.00:970][  0]LogConfig: Setting CVar [[r.GenerateMeshDistanceFields:0]]
[2020.01.11-15.21.00:970][  0]LogConfig: Setting CVar [[r.DistanceFieldBuild.EightBit:0]]
[2020.01.11-15.21.00:970][  0]LogConfig: Setting CVar [[r.GenerateLandscapeGIData:0]]
[2020.01.11-15.21.00:970][  0]LogConfig: Setting CVar [[r.DistanceFieldBuild.Compress:0]]
[2020.01.11-15.21.00:970][  0]LogConfig: Setting CVar [[r.TessellationAdaptivePixelsPerTriangle:48.000000]]
[2020.01.11-15.21.00:970][  0]LogConfig: Setting CVar [[r.SeparateTranslucency:0]]
[2020.01.11-15.21.00:970][  0]LogConfig: Setting CVar [[r.TranslucentSortPolicy:0]]
[2020.01.11-15.21.00:970][  0]LogConfig: Setting CVar [[r.CustomDepth:1]]
[2020.01.11-15.21.00:970][  0]LogConfig: Setting CVar [[r.CustomDepthTemporalAAJitter:1]]
[2020.01.11-15.21.00:970][  0]LogConfig: Setting CVar [[r.PostProcessing.PropagateAlpha:0]]
[2020.01.11-15.21.00:970][  0]LogConfig: Setting CVar [[r.DefaultFeature.Bloom:1]]
[2020.01.11-15.21.00:970][  0]LogConfig: Setting CVar [[r.DefaultFeature.AmbientOcclusion:0]]
[2020.01.11-15.21.00:970][  0]LogConfig: Setting CVar [[r.DefaultFeature.AmbientOcclusionStaticFraction:1]]
[2020.01.11-15.21.00:970][  0]LogConfig: Setting CVar [[r.DefaultFeature.AutoExposure:0]]
[2020.01.11-15.21.00:970][  0]LogConfig: Setting CVar [[r.DefaultFeature.AutoExposure.Method:0]]
[2020.01.11-15.21.00:970][  0]LogConfig: Setting CVar [[r.DefaultFeature.AutoExposure.ExtendDefaultLuminanceRange:0]]
[2020.01.11-15.21.00:970][  0]LogConfig: Setting CVar [[r.UsePreExposure:1]]
[2020.01.11-15.21.00:970][  0]LogConfig: Setting CVar [[r.EyeAdaptation.EditorOnly:1]]
[2020.01.11-15.21.00:970][  0]LogConfig: Setting CVar [[r.DefaultFeature.MotionBlur:0]]
[2020.01.11-15.21.00:970][  0]LogConfig: Setting CVar [[r.DefaultFeature.LensFlare:0]]
[2020.01.11-15.21.00:970][  0]LogConfig: Setting CVar [[r.TemporalAA.Upsampling:0]]
[2020.01.11-15.21.00:970][  0]LogConfig: Setting CVar [[r.DefaultFeature.AntiAliasing:0]]
[2020.01.11-15.21.00:970][  0]LogConfig: Setting CVar [[r.DefaultFeature.LightUnits:1]]
[2020.01.11-15.21.00:970][  0]LogConfig: Setting CVar [[r.DefaultBackBufferPixelFormat:4]]
[2020.01.11-15.21.00:970][  0]LogConfig: Setting CVar [[r.Shadow.UnbuiltPreviewInGame:1]]
[2020.01.11-15.21.00:970][  0]LogConfig: Setting CVar [[r.StencilForLODDither:0]]
[2020.01.11-15.21.00:970][  0]LogConfig: Setting CVar [[r.EarlyZPass:3]]
[2020.01.11-15.21.00:970][  0]LogConfig: Setting CVar [[r.EarlyZPassOnlyMaterialMasking:0]]
[2020.01.11-15.21.00:970][  0]LogConfig: Setting CVar [[r.DBuffer:1]]
[2020.01.11-15.21.00:970][  0]LogConfig: Setting CVar [[r.ClearSceneMethod:1]]
[2020.01.11-15.21.00:970][  0]LogConfig: Setting CVar [[r.BasePassOutputsVelocity:0]]
[2020.01.11-15.21.00:970][  0]LogConfig: Setting CVar [[r.SelectiveBasePassOutputs:0]]
[2020.01.11-15.21.00:970][  0]LogConfig: Setting CVar [[fx.GPUSimulationTextureSizeX:1024]]
[2020.01.11-15.21.00:970][  0]LogConfig: Setting CVar [[fx.GPUSimulationTextureSizeY:1024]]
[2020.01.11-15.21.00:970][  0]LogConfig: Setting CVar [[r.AllowGlobalClipPlane:0]]
[2020.01.11-15.21.00:970][  0]LogConfig: Setting CVar [[r.GBufferFormat:1]]
[2020.01.11-15.21.00:970][  0]LogConfig: Setting CVar [[r.MorphTarget.Mode:1]]
[2020.01.11-15.21.00:970][  0]LogConfig: Setting CVar [[vr.InstancedStereo:0]]
[2020.01.11-15.21.00:970][  0]LogConfig: Setting CVar [[vr.MultiView:0]]
[2020.01.11-15.21.00:970][  0]LogConfig: Setting CVar [[vr.MobileMultiView:0]]
[2020.01.11-15.21.00:970][  0]LogConfig: Setting CVar [[vr.MobileMultiView.Direct:0]]
[2020.01.11-15.21.00:970][  0]LogConfig: Setting CVar [[vr.RoundRobinOcclusion:0]]
[2020.01.11-15.21.00:970][  0]LogConfig: Setting CVar [[vr.ODSCapture:0]]
[2020.01.11-15.21.00:970][  0]LogConfig: Setting CVar [[r.WireframeCullThreshold:5.000000]]
[2020.01.11-15.21.00:970][  0]LogConfig: Setting CVar [[r.RayTracing:0]]
[2020.01.11-15.21.00:970][  0]LogConfig: Setting CVar [[r.SupportStationarySkylight:1]]
[2020.01.11-15.21.00:970][  0]LogConfig: Setting CVar [[r.SupportLowQualityLightmaps:1]]
[2020.01.11-15.21.00:970][  0]LogConfig: Setting CVar [[r.SupportPointLightWholeSceneShadows:1]]
[2020.01.11-15.21.00:970][  0]LogConfig: Setting CVar [[r.SupportAtmosphericFog:1]]
[2020.01.11-15.21.00:970][  0]LogConfig: Setting CVar [[r.SkinCache.CompileShaders:0]]
[2020.01.11-15.21.00:970][  0]LogConfig: Setting CVar [[r.Mobile.EnableStaticAndCSMShadowReceivers:1]]
[2020.01.11-15.21.00:970][  0]LogConfig: Setting CVar [[r.Mobile.EnableMovableLightCSMShaderCulling:1]]
[2020.01.11-15.21.00:970][  0]LogConfig: Setting CVar [[r.Mobile.AllowDistanceFieldShadows:1]]
[2020.01.11-15.21.00:970][  0]LogConfig: Setting CVar [[r.Mobile.AllowMovableDirectionalLights:1]]
[2020.01.11-15.21.00:970][  0]LogConfig: Setting CVar [[r.MobileNumDynamicPointLights:4]]
[2020.01.11-15.21.00:970][  0]LogConfig: Setting CVar [[r.MobileDynamicPointLightsUseStaticBranch:1]]
[2020.01.11-15.21.00:970][  0]LogConfig: Setting CVar [[r.Mobile.EnableMovableSpotlights:0]]
[2020.01.11-15.21.00:970][  0]LogConfig: Setting CVar [[r.SkinCache.SceneMemoryLimitInMB:128.000000]]
[2020.01.11-15.21.00:970][  0]LogConfig: Setting CVar [[r.GPUSkin.Limit2BoneInfluences:0]]
[2020.01.11-15.21.00:970][  0]LogConfig: Setting CVar [[r.SupportDepthOnlyIndexBuffers:1]]
[2020.01.11-15.21.00:970][  0]LogConfig: Setting CVar [[r.SupportReversedIndexBuffers:1]]
[2020.01.11-15.21.00:970][  0]LogConfig: Setting CVar [[r.SupportMaterialLayers:0]]
[2020.01.11-15.21.00:970][  0]LogConfig: Applying CVar settings from Section [/Script/Engine.RendererOverrideSettings] File [F:/SNACK/VoodoPickles/VoodoPickles/Saved/Config/Windows/Engine.ini]
[2020.01.11-15.21.00:970][  0]LogConfig: Applying CVar settings from Section [/Script/Engine.StreamingSettings] File [F:/SNACK/VoodoPickles/VoodoPickles/Saved/Config/Windows/Engine.ini]
[2020.01.11-15.21.00:970][  0]LogConfig: Setting CVar [[s.MinBulkDataSizeForAsyncLoading:131072]]
[2020.01.11-15.21.00:970][  0]LogConfig: Setting CVar [[s.AsyncLoadingThreadEnabled:0]]
[2020.01.11-15.21.00:970][  0]LogConfig: Setting CVar [[s.EventDrivenLoaderEnabled:1]]
[2020.01.11-15.21.00:970][  0]LogConfig: Setting CVar [[s.WarnIfTimeLimitExceeded:0]]
[2020.01.11-15.21.00:970][  0]LogConfig: Setting CVar [[s.TimeLimitExceededMultiplier:1.5]]
[2020.01.11-15.21.00:970][  0]LogConfig: Setting CVar [[s.TimeLimitExceededMinTime:0.005]]
[2020.01.11-15.21.00:970][  0]LogConfig: Setting CVar [[s.UseBackgroundLevelStreaming:1]]
[2020.01.11-15.21.00:970][  0]LogConfig: Setting CVar [[s.PriorityAsyncLoadingExtraTime:15.0]]
[2020.01.11-15.21.00:970][  0]LogConfig: Setting CVar [[s.LevelStreamingActorsUpdateTimeLimit:5.0]]
[2020.01.11-15.21.00:970][  0]LogConfig: Setting CVar [[s.PriorityLevelStreamingActorsUpdateExtraTime:5.0]]
[2020.01.11-15.21.00:970][  0]LogConfig: Setting CVar [[s.LevelStreamingComponentsRegistrationGranularity:10]]
[2020.01.11-15.21.00:970][  0]LogConfig: Setting CVar [[s.UnregisterComponentsTimeLimit:1.0]]
[2020.01.11-15.21.00:970][  0]LogConfig: Setting CVar [[s.LevelStreamingComponentsUnregistrationGranularity:5]]
[2020.01.11-15.21.00:970][  0]LogConfig: Applying CVar settings from Section [/Script/Engine.GarbageCollectionSettings] File [F:/SNACK/VoodoPickles/VoodoPickles/Saved/Config/Windows/Engine.ini]
[2020.01.11-15.21.00:970][  0]LogConfig: Setting CVar [[gc.MaxObjectsNotConsideredByGC:1]]
[2020.01.11-15.21.00:970][  0]LogConfig: Setting CVar [[gc.SizeOfPermanentObjectPool:0]]
[2020.01.11-15.21.00:970][  0]LogConfig: Setting CVar [[gc.FlushStreamingOnGC:0]]
[2020.01.11-15.21.00:971][  0]LogConfig: Setting CVar [[gc.NumRetriesBeforeForcingGC:10]]
[2020.01.11-15.21.00:971][  0]LogConfig: Setting CVar [[gc.AllowParallelGC:1]]
[2020.01.11-15.21.00:971][  0]LogConfig: Setting CVar [[gc.TimeBetweenPurgingPendingKillObjects:61.1]]
[2020.01.11-15.21.00:971][  0]LogConfig: Setting CVar [[gc.MaxObjectsInEditor:16777216]]
[2020.01.11-15.21.00:971][  0]LogConfig: Setting CVar [[gc.IncrementalBeginDestroyEnabled:1]]
[2020.01.11-15.21.00:971][  0]LogConfig: Setting CVar [[gc.CreateGCClusters:1]]
[2020.01.11-15.21.00:971][  0]LogConfig: Setting CVar [[gc.MinGCClusterSize:5]]
[2020.01.11-15.21.00:971][  0]LogConfig: Setting CVar [[gc.ActorClusteringEnabled:0]]
[2020.01.11-15.21.00:971][  0]LogConfig: Setting CVar [[gc.BlueprintClusteringEnabled:0]]
[2020.01.11-15.21.00:971][  0]LogConfig: Setting CVar [[gc.UseDisregardForGCOnDedicatedServers:0]]
[2020.01.11-15.21.00:971][  0]LogConfig: Applying CVar settings from Section [/Script/Engine.NetworkSettings] File [F:/SNACK/VoodoPickles/VoodoPickles/Saved/Config/Windows/Engine.ini]
[2020.01.11-15.21.00:971][  0]LogConfig: Applying CVar settings from Section [/Script/UnrealEd.CookerSettings] File [F:/SNACK/VoodoPickles/VoodoPickles/Saved/Config/Windows/Engine.ini]
[2020.01.11-15.21.00:979][  0]LogConfig: Applying CVar settings from Section [ViewDistanceQuality@3] File [F:/SNACK/VoodoPickles/VoodoPickles/Saved/Config/Windows/Scalability.ini]
[2020.01.11-15.21.00:979][  0]LogConfig: Setting CVar [[r.SkeletalMeshLODBias:0]]
[2020.01.11-15.21.00:979][  0]LogConfig: Setting CVar [[r.ViewDistanceScale:1.0]]
[2020.01.11-15.21.00:979][  0]LogConfig: Applying CVar settings from Section [AntiAliasingQuality@3] File [F:/SNACK/VoodoPickles/VoodoPickles/Saved/Config/Windows/Scalability.ini]
[2020.01.11-15.21.00:979][  0]LogConfig: Setting CVar [[r.PostProcessAAQuality:4]]
[2020.01.11-15.21.00:979][  0]LogConfig: Applying CVar settings from Section [ShadowQuality@3] File [F:/SNACK/VoodoPickles/VoodoPickles/Saved/Config/Windows/Scalability.ini]
[2020.01.11-15.21.00:979][  0]LogConfig: Setting CVar [[r.LightFunctionQuality:1]]
[2020.01.11-15.21.00:979][  0]LogConfig: Setting CVar [[r.ShadowQuality:5]]
[2020.01.11-15.21.00:979][  0]LogConfig: Setting CVar [[r.Shadow.CSM.MaxCascades:10]]
[2020.01.11-15.21.00:979][  0]LogConfig: Setting CVar [[r.Shadow.MaxResolution:2048]]
[2020.01.11-15.21.00:979][  0]LogConfig: Setting CVar [[r.Shadow.MaxCSMResolution:2048]]
[2020.01.11-15.21.00:979][  0]LogConfig: Setting CVar [[r.Shadow.RadiusThreshold:0.01]]
[2020.01.11-15.21.00:979][  0]LogConfig: Setting CVar [[r.Shadow.DistanceScale:1.0]]
[2020.01.11-15.21.00:979][  0]LogConfig: Setting CVar [[r.Shadow.CSM.TransitionScale:1.0]]
[2020.01.11-15.21.00:979][  0]LogConfig: Setting CVar [[r.Shadow.PreShadowResolutionFactor:1.0]]
[2020.01.11-15.21.00:979][  0]LogConfig: Setting CVar [[r.DistanceFieldShadowing:1]]
[2020.01.11-15.21.00:979][  0]LogConfig: Setting CVar [[r.DistanceFieldAO:1]]
[2020.01.11-15.21.00:979][  0]LogConfig: Setting CVar [[r.AOQuality:2]]
[2020.01.11-15.21.00:979][  0]LogConfig: Setting CVar [[r.VolumetricFog:1]]
[2020.01.11-15.21.00:979][  0]LogConfig: Setting CVar [[r.VolumetricFog.GridPixelSize:8]]
[2020.01.11-15.21.00:979][  0]LogConfig: Setting CVar [[r.VolumetricFog.GridSizeZ:128]]
[2020.01.11-15.21.00:979][  0]LogConfig: Setting CVar [[r.VolumetricFog.HistoryMissSupersampleCount:4]]
[2020.01.11-15.21.00:979][  0]LogConfig: Setting CVar [[r.LightMaxDrawDistanceScale:1]]
[2020.01.11-15.21.00:979][  0]LogConfig: Setting CVar [[r.CapsuleShadows:1]]
[2020.01.11-15.21.00:979][  0]LogConfig: Applying CVar settings from Section [PostProcessQuality@3] File [F:/SNACK/VoodoPickles/VoodoPickles/Saved/Config/Windows/Scalability.ini]
[2020.01.11-15.21.00:979][  0]LogConfig: Setting CVar [[r.MotionBlurQuality:4]]
[2020.01.11-15.21.00:979][  0]LogConfig: Setting CVar [[r.AmbientOcclusionMipLevelFactor:0.4]]
[2020.01.11-15.21.00:979][  0]LogConfig: Setting CVar [[r.AmbientOcclusionMaxQuality:100]]
[2020.01.11-15.21.00:979][  0]LogConfig: Setting CVar [[r.AmbientOcclusionLevels:-1]]
[2020.01.11-15.21.00:979][  0]LogConfig: Setting CVar [[r.AmbientOcclusionRadiusScale:1.0]]
[2020.01.11-15.21.00:979][  0]LogConfig: Setting CVar [[r.DepthOfFieldQuality:2]]
[2020.01.11-15.21.00:979][  0]LogConfig: Setting CVar [[r.RenderTargetPoolMin:400]]
[2020.01.11-15.21.00:979][  0]LogConfig: Setting CVar [[r.LensFlareQuality:2]]
[2020.01.11-15.21.00:979][  0]LogConfig: Setting CVar [[r.SceneColorFringeQuality:1]]
[2020.01.11-15.21.00:979][  0]LogConfig: Setting CVar [[r.EyeAdaptationQuality:2]]
[2020.01.11-15.21.00:979][  0]LogConfig: Setting CVar [[r.BloomQuality:5]]
[2020.01.11-15.21.00:979][  0]LogConfig: Setting CVar [[r.FastBlurThreshold:100]]
[2020.01.11-15.21.00:979][  0]LogConfig: Setting CVar [[r.Upscale.Quality:3]]
[2020.01.11-15.21.00:979][  0]LogConfig: Setting CVar [[r.Tonemapper.GrainQuantization:1]]
[2020.01.11-15.21.00:979][  0]LogConfig: Setting CVar [[r.LightShaftQuality:1]]
[2020.01.11-15.21.00:979][  0]LogConfig: Setting CVar [[r.Filter.SizeScale:1]]
[2020.01.11-15.21.00:979][  0]LogConfig: Setting CVar [[r.Tonemapper.Quality:5]]
[2020.01.11-15.21.00:979][  0]LogConfig: Setting CVar [[r.DOF.Gather.AccumulatorQuality:1        ; higher gathering accumulator quality]]
[2020.01.11-15.21.00:980][  0]LogConfig: Setting CVar [[r.DOF.Gather.PostfilterMethod:1          ; Median3x3 postfilering method]]
[2020.01.11-15.21.00:980][  0]LogConfig: Setting CVar [[r.DOF.Gather.EnableBokehSettings:0       ; no bokeh simulation when gathering]]
[2020.01.11-15.21.00:980][  0]LogConfig: Setting CVar [[r.DOF.Gather.RingCount:4                 ; medium number of samples when gathering]]
[2020.01.11-15.21.00:980][  0]LogConfig: Setting CVar [[r.DOF.Scatter.ForegroundCompositing:1    ; additive foreground scattering]]
[2020.01.11-15.21.00:980][  0]LogConfig: Setting CVar [[r.DOF.Scatter.BackgroundCompositing:2    ; additive background scattering]]
[2020.01.11-15.21.00:980][  0]LogConfig: Setting CVar [[r.DOF.Scatter.EnableBokehSettings:1      ; bokeh simulation when scattering]]
[2020.01.11-15.21.00:980][  0]LogConfig: Setting CVar [[r.DOF.Scatter.MaxSpriteRatio:0.1         ; only a maximum of 10% of scattered bokeh]]
[2020.01.11-15.21.00:980][  0]LogConfig: Setting CVar [[r.DOF.Recombine.Quality:1                ; cheap slight out of focus]]
[2020.01.11-15.21.00:980][  0]LogConfig: Setting CVar [[r.DOF.Recombine.EnableBokehSettings:0    ; no bokeh simulation on slight out of focus]]
[2020.01.11-15.21.00:980][  0]LogConfig: Setting CVar [[r.DOF.TemporalAAQuality:1                ; more stable temporal accumulation]]
[2020.01.11-15.21.00:980][  0]LogConfig: Setting CVar [[r.DOF.Kernel.MaxForegroundRadius:0.025]]
[2020.01.11-15.21.00:980][  0]LogConfig: Setting CVar [[r.DOF.Kernel.MaxBackgroundRadius:0.025]]
[2020.01.11-15.21.00:980][  0]LogConfig: Applying CVar settings from Section [TextureQuality@3] File [F:/SNACK/VoodoPickles/VoodoPickles/Saved/Config/Windows/Scalability.ini]
[2020.01.11-15.21.00:980][  0]LogConfig: Setting CVar [[r.Streaming.MipBias:0]]
[2020.01.11-15.21.00:980][  0]LogConfig: Setting CVar [[r.Streaming.AmortizeCPUToGPUCopy:0]]
[2020.01.11-15.21.00:980][  0]LogConfig: Setting CVar [[r.Streaming.MaxNumTexturesToStreamPerFrame:0]]
[2020.01.11-15.21.00:980][  0]LogConfig: Setting CVar [[r.Streaming.Boost:1]]
[2020.01.11-15.21.00:980][  0]LogConfig: Setting CVar [[r.MaxAnisotropy:8]]
[2020.01.11-15.21.00:980][  0]LogConfig: Setting CVar [[r.Streaming.LimitPoolSizeToVRAM:0]]
[2020.01.11-15.21.00:980][  0]LogConfig: Setting CVar [[r.Streaming.PoolSize:1000]]
[2020.01.11-15.21.00:980][  0]LogConfig: Setting CVar [[r.Streaming.MaxEffectiveScreenSize:0]]
[2020.01.11-15.21.00:980][  0]LogConfig: Applying CVar settings from Section [EffectsQuality@3] File [F:/SNACK/VoodoPickles/VoodoPickles/Saved/Config/Windows/Scalability.ini]
[2020.01.11-15.21.00:980][  0]LogConfig: Setting CVar [[r.TranslucencyLightingVolumeDim:64]]
[2020.01.11-15.21.00:980][  0]LogConfig: Setting CVar [[r.RefractionQuality:2]]
[2020.01.11-15.21.00:980][  0]LogConfig: Setting CVar [[r.SSR.Quality:3]]
[2020.01.11-15.21.00:980][  0]LogConfig: Setting CVar [[r.SceneColorFormat:4]]
[2020.01.11-15.21.00:980][  0]LogConfig: Setting CVar [[r.DetailMode:2]]
[2020.01.11-15.21.00:980][  0]LogConfig: Setting CVar [[r.TranslucencyVolumeBlur:1]]
[2020.01.11-15.21.00:980][  0]LogConfig: Setting CVar [[r.MaterialQualityLevel:1 ; High quality]]
[2020.01.11-15.21.00:980][  0]LogConfig: Setting CVar [[r.SSS.Scale:1]]
[2020.01.11-15.21.00:980][  0]LogConfig: Setting CVar [[r.SSS.SampleSet:2]]
[2020.01.11-15.21.00:980][  0]LogConfig: Setting CVar [[r.SSS.Quality:1]]
[2020.01.11-15.21.00:980][  0]LogConfig: Setting CVar [[r.SSS.HalfRes:1]]
[2020.01.11-15.21.00:980][  0]LogConfig: Setting CVar [[r.EmitterSpawnRateScale:1.0]]
[2020.01.11-15.21.00:980][  0]LogConfig: Setting CVar [[r.ParticleLightQuality:2]]
[2020.01.11-15.21.00:980][  0]LogConfig: Applying CVar settings from Section [FoliageQuality@3] File [F:/SNACK/VoodoPickles/VoodoPickles/Saved/Config/Windows/Scalability.ini]
[2020.01.11-15.21.00:980][  0]LogConfig: Setting CVar [[foliage.DensityScale:1.0]]
[2020.01.11-15.21.00:980][  0]LogConfig: Setting CVar [[grass.DensityScale:1.0]]
[2020.01.11-15.21.00:980][  0]LogInit: Selected Device Profile: [Windows]
[2020.01.11-15.21.00:980][  0]LogInit: Applying CVar settings loaded from the selected device profile: [Windows]
[2020.01.11-15.21.00:982][  0]LogHAL: Display: Platform has ~ 16 GB [17095188480 / 17179869184 / 16], which maps to Larger [LargestMinGB=32, LargerMinGB=12, DefaultMinGB=8, SmallerMinGB=6, SmallestMinGB=0)
[2020.01.11-15.21.00:982][  0]LogInit: Going up to parent DeviceProfile []
[2020.01.11-15.21.00:982][  0]LogConfig: Applying CVar settings from Section [ViewDistanceQuality@3] File [F:/SNACK/VoodoPickles/VoodoPickles/Saved/Config/Windows/Scalability.ini]
[2020.01.11-15.21.00:982][  0]LogConfig: Setting CVar [[r.SkeletalMeshLODBias:0]]
[2020.01.11-15.21.00:982][  0]LogConfig: Setting CVar [[r.ViewDistanceScale:1.0]]
[2020.01.11-15.21.00:982][  0]LogConfig: Applying CVar settings from Section [AntiAliasingQuality@3] File [F:/SNACK/VoodoPickles/VoodoPickles/Saved/Config/Windows/Scalability.ini]
[2020.01.11-15.21.00:982][  0]LogConfig: Setting CVar [[r.PostProcessAAQuality:4]]
[2020.01.11-15.21.00:982][  0]LogConfig: Applying CVar settings from Section [ShadowQuality@3] File [F:/SNACK/VoodoPickles/VoodoPickles/Saved/Config/Windows/Scalability.ini]
[2020.01.11-15.21.00:982][  0]LogConfig: Setting CVar [[r.LightFunctionQuality:1]]
[2020.01.11-15.21.00:982][  0]LogConfig: Setting CVar [[r.ShadowQuality:5]]
[2020.01.11-15.21.00:982][  0]LogConfig: Setting CVar [[r.Shadow.CSM.MaxCascades:10]]
[2020.01.11-15.21.00:982][  0]LogConfig: Setting CVar [[r.Shadow.MaxResolution:2048]]
[2020.01.11-15.21.00:982][  0]LogConfig: Setting CVar [[r.Shadow.MaxCSMResolution:2048]]
[2020.01.11-15.21.00:982][  0]LogConfig: Setting CVar [[r.Shadow.RadiusThreshold:0.01]]
[2020.01.11-15.21.00:982][  0]LogConfig: Setting CVar [[r.Shadow.DistanceScale:1.0]]
[2020.01.11-15.21.00:982][  0]LogConfig: Setting CVar [[r.Shadow.CSM.TransitionScale:1.0]]
[2020.01.11-15.21.00:982][  0]LogConfig: Setting CVar [[r.Shadow.PreShadowResolutionFactor:1.0]]
[2020.01.11-15.21.00:982][  0]LogConfig: Setting CVar [[r.DistanceFieldShadowing:1]]
[2020.01.11-15.21.00:982][  0]LogConfig: Setting CVar [[r.DistanceFieldAO:1]]
[2020.01.11-15.21.00:982][  0]LogConfig: Setting CVar [[r.AOQuality:2]]
[2020.01.11-15.21.00:982][  0]LogConfig: Setting CVar [[r.VolumetricFog:1]]
[2020.01.11-15.21.00:982][  0]LogConfig: Setting CVar [[r.VolumetricFog.GridPixelSize:8]]
[2020.01.11-15.21.00:982][  0]LogConfig: Setting CVar [[r.VolumetricFog.GridSizeZ:128]]
[2020.01.11-15.21.00:982][  0]LogConfig: Setting CVar [[r.VolumetricFog.HistoryMissSupersampleCount:4]]
[2020.01.11-15.21.00:982][  0]LogConfig: Setting CVar [[r.LightMaxDrawDistanceScale:1]]
[2020.01.11-15.21.00:982][  0]LogConfig: Setting CVar [[r.CapsuleShadows:1]]
[2020.01.11-15.21.00:982][  0]LogConfig: Applying CVar settings from Section [PostProcessQuality@3] File [F:/SNACK/VoodoPickles/VoodoPickles/Saved/Config/Windows/Scalability.ini]
[2020.01.11-15.21.00:982][  0]LogConfig: Setting CVar [[r.MotionBlurQuality:4]]
[2020.01.11-15.21.00:982][  0]LogConfig: Setting CVar [[r.AmbientOcclusionMipLevelFactor:0.4]]
[2020.01.11-15.21.00:982][  0]LogConfig: Setting CVar [[r.AmbientOcclusionMaxQuality:100]]
[2020.01.11-15.21.00:982][  0]LogConfig: Setting CVar [[r.AmbientOcclusionLevels:-1]]
[2020.01.11-15.21.00:982][  0]LogConfig: Setting CVar [[r.AmbientOcclusionRadiusScale:1.0]]
[2020.01.11-15.21.00:982][  0]LogConfig: Setting CVar [[r.DepthOfFieldQuality:2]]
[2020.01.11-15.21.00:982][  0]LogConfig: Setting CVar [[r.RenderTargetPoolMin:400]]
[2020.01.11-15.21.00:982][  0]LogConfig: Setting CVar [[r.LensFlareQuality:2]]
[2020.01.11-15.21.00:982][  0]LogConfig: Setting CVar [[r.SceneColorFringeQuality:1]]
[2020.01.11-15.21.00:982][  0]LogConfig: Setting CVar [[r.EyeAdaptationQuality:2]]
[2020.01.11-15.21.00:982][  0]LogConfig: Setting CVar [[r.BloomQuality:5]]
[2020.01.11-15.21.00:982][  0]LogConfig: Setting CVar [[r.FastBlurThreshold:100]]
[2020.01.11-15.21.00:982][  0]LogConfig: Setting CVar [[r.Upscale.Quality:3]]
[2020.01.11-15.21.00:982][  0]LogConfig: Setting CVar [[r.Tonemapper.GrainQuantization:1]]
[2020.01.11-15.21.00:982][  0]LogConfig: Setting CVar [[r.LightShaftQuality:1]]
[2020.01.11-15.21.00:982][  0]LogConfig: Setting CVar [[r.Filter.SizeScale:1]]
[2020.01.11-15.21.00:982][  0]LogConfig: Setting CVar [[r.Tonemapper.Quality:5]]
[2020.01.11-15.21.00:982][  0]LogConfig: Setting CVar [[r.DOF.Gather.AccumulatorQuality:1        ; higher gathering accumulator quality]]
[2020.01.11-15.21.00:982][  0]LogConfig: Setting CVar [[r.DOF.Gather.PostfilterMethod:1          ; Median3x3 postfilering method]]
[2020.01.11-15.21.00:982][  0]LogConfig: Setting CVar [[r.DOF.Gather.EnableBokehSettings:0       ; no bokeh simulation when gathering]]
[2020.01.11-15.21.00:982][  0]LogConfig: Setting CVar [[r.DOF.Gather.RingCount:4                 ; medium number of samples when gathering]]
[2020.01.11-15.21.00:982][  0]LogConfig: Setting CVar [[r.DOF.Scatter.ForegroundCompositing:1    ; additive foreground scattering]]
[2020.01.11-15.21.00:983][  0]LogConfig: Setting CVar [[r.DOF.Scatter.BackgroundCompositing:2    ; additive background scattering]]
[2020.01.11-15.21.00:983][  0]LogConfig: Setting CVar [[r.DOF.Scatter.EnableBokehSettings:1      ; bokeh simulation when scattering]]
[2020.01.11-15.21.00:983][  0]LogConfig: Setting CVar [[r.DOF.Scatter.MaxSpriteRatio:0.1         ; only a maximum of 10% of scattered bokeh]]
[2020.01.11-15.21.00:983][  0]LogConfig: Setting CVar [[r.DOF.Recombine.Quality:1                ; cheap slight out of focus]]
[2020.01.11-15.21.00:983][  0]LogConfig: Setting CVar [[r.DOF.Recombine.EnableBokehSettings:0    ; no bokeh simulation on slight out of focus]]
[2020.01.11-15.21.00:983][  0]LogConfig: Setting CVar [[r.DOF.TemporalAAQuality:1                ; more stable temporal accumulation]]
[2020.01.11-15.21.00:983][  0]LogConfig: Setting CVar [[r.DOF.Kernel.MaxForegroundRadius:0.025]]
[2020.01.11-15.21.00:983][  0]LogConfig: Setting CVar [[r.DOF.Kernel.MaxBackgroundRadius:0.025]]
[2020.01.11-15.21.00:983][  0]LogConfig: Applying CVar settings from Section [TextureQuality@3] File [F:/SNACK/VoodoPickles/VoodoPickles/Saved/Config/Windows/Scalability.ini]
[2020.01.11-15.21.00:983][  0]LogConfig: Setting CVar [[r.Streaming.MipBias:0]]
[2020.01.11-15.21.00:983][  0]LogConfig: Setting CVar [[r.Streaming.AmortizeCPUToGPUCopy:0]]
[2020.01.11-15.21.00:983][  0]LogConfig: Setting CVar [[r.Streaming.MaxNumTexturesToStreamPerFrame:0]]
[2020.01.11-15.21.00:983][  0]LogConfig: Setting CVar [[r.Streaming.Boost:1]]
[2020.01.11-15.21.00:983][  0]LogConfig: Setting CVar [[r.MaxAnisotropy:8]]
[2020.01.11-15.21.00:983][  0]LogConfig: Setting CVar [[r.Streaming.LimitPoolSizeToVRAM:0]]
[2020.01.11-15.21.00:983][  0]LogConfig: Setting CVar [[r.Streaming.PoolSize:1000]]
[2020.01.11-15.21.00:983][  0]LogConfig: Setting CVar [[r.Streaming.MaxEffectiveScreenSize:0]]
[2020.01.11-15.21.00:983][  0]LogConfig: Applying CVar settings from Section [EffectsQuality@3] File [F:/SNACK/VoodoPickles/VoodoPickles/Saved/Config/Windows/Scalability.ini]
[2020.01.11-15.21.00:983][  0]LogConfig: Setting CVar [[r.TranslucencyLightingVolumeDim:64]]
[2020.01.11-15.21.00:983][  0]LogConfig: Setting CVar [[r.RefractionQuality:2]]
[2020.01.11-15.21.00:983][  0]LogConfig: Setting CVar [[r.SSR.Quality:3]]
[2020.01.11-15.21.00:983][  0]LogConfig: Setting CVar [[r.SceneColorFormat:4]]
[2020.01.11-15.21.00:983][  0]LogConfig: Setting CVar [[r.DetailMode:2]]
[2020.01.11-15.21.00:983][  0]LogConfig: Setting CVar [[r.TranslucencyVolumeBlur:1]]
[2020.01.11-15.21.00:983][  0]LogConfig: Setting CVar [[r.MaterialQualityLevel:1 ; High quality]]
[2020.01.11-15.21.00:983][  0]LogConfig: Setting CVar [[r.SSS.Scale:1]]
[2020.01.11-15.21.00:983][  0]LogConfig: Setting CVar [[r.SSS.SampleSet:2]]
[2020.01.11-15.21.00:983][  0]LogConfig: Setting CVar [[r.SSS.Quality:1]]
[2020.01.11-15.21.00:983][  0]LogConfig: Setting CVar [[r.SSS.HalfRes:1]]
[2020.01.11-15.21.00:983][  0]LogConfig: Setting CVar [[r.EmitterSpawnRateScale:1.0]]
[2020.01.11-15.21.00:983][  0]LogConfig: Setting CVar [[r.ParticleLightQuality:2]]
[2020.01.11-15.21.00:983][  0]LogConfig: Applying CVar settings from Section [FoliageQuality@3] File [F:/SNACK/VoodoPickles/VoodoPickles/Saved/Config/Windows/Scalability.ini]
[2020.01.11-15.21.00:983][  0]LogConfig: Setting CVar [[foliage.DensityScale:1.0]]
[2020.01.11-15.21.00:983][  0]LogConfig: Setting CVar [[grass.DensityScale:1.0]]
[2020.01.11-15.21.00:983][  0]LogConfig: Applying CVar settings from Section [Startup] File [../../../Engine/Config/ConsoleVariables.ini]
[2020.01.11-15.21.00:983][  0]LogConfig: Setting CVar [[net.UseAdaptiveNetUpdateFrequency:0]]
[2020.01.11-15.21.00:983][  0]LogConfig: Setting CVar [[p.chaos.AllowCreatePhysxBodies:1]]
[2020.01.11-15.21.00:983][  0]LogConfig: Applying CVar settings from Section [ConsoleVariables] File [F:/SNACK/VoodoPickles/VoodoPickles/Saved/Config/Windows/Engine.ini]
[2020.01.11-15.21.00:983][  0]LogInit: Computer: ARTEMPC
[2020.01.11-15.21.00:983][  0]LogInit: User: Artem
[2020.01.11-15.21.00:983][  0]LogInit: CPU Page size=4096, Cores=4
[2020.01.11-15.21.00:983][  0]LogInit: High frequency timer resolution =10.000000 MHz
[2020.01.11-15.21.00:983][  0]LogMemory: Memory total: Physical=15.9GB (16GB approx)
[2020.01.11-15.21.00:983][  0]LogMemory: Platform Memory Stats for Windows
[2020.01.11-15.21.00:983][  0]LogMemory: Process Physical Memory: 101.42 MB used, 101.43 MB peak
[2020.01.11-15.21.00:983][  0]LogMemory: Process Virtual Memory: 100.48 MB used, 100.48 MB peak
[2020.01.11-15.21.00:983][  0]LogMemory: Physical Memory: 4500.49 MB used,  11802.75 MB free, 16303.24 MB total
[2020.01.11-15.21.00:983][  0]LogMemory: Virtual Memory: 4668.48 MB used,  134213056.00 MB free, 134217728.00 MB total
[2020.01.11-15.21.00:987][  0]LogWindows: WindowsPlatformFeatures enabled
[2020.01.11-15.21.01:006][  0]LogInit: Using OS detected language (en-US).
[2020.01.11-15.21.01:006][  0]LogInit: Using OS detected locale (en-US).
[2020.01.11-15.21.01:007][  0]LogTextLocalizationManager: No specific localization for 'en-US' exists, so the 'en' localization will be used.
[2020.01.11-15.21.01:155][  0]LogInit: Setting process to per monitor DPI aware
[2020.01.11-15.21.01:201][  0]LogSlate: New Slate User Created.  User Index 0, Is Virtual User: 0
[2020.01.11-15.21.01:201][  0]LogSlate: Slate User Registered.  User Index 0, Is Virtual User: 0
[2020.01.11-15.21.01:343][  0]LogHMD: Failed to initialize OpenVR with code 105
[2020.01.11-15.21.01:343][  0]LogD3D11RHI: D3D11 adapters:
[2020.01.11-15.21.01:410][  0]LogD3D11RHI:    0. 'NVIDIA GeForce GTX 970' (Feature Level 11_0)
[2020.01.11-15.21.01:410][  0]LogD3D11RHI:       4043/0/8151 MB DedicatedVideo/DedicatedSystem/SharedSystem, Outputs:2, VendorId:0x10de
[2020.01.11-15.21.01:412][  0]LogD3D11RHI:    1. 'Microsoft Basic Render Driver' (Feature Level 11_0)
[2020.01.11-15.21.01:412][  0]LogD3D11RHI:       0/0/8151 MB DedicatedVideo/DedicatedSystem/SharedSystem, Outputs:0, VendorId:0x1414
[2020.01.11-15.21.01:412][  0]LogD3D11RHI: Chosen D3D11 Adapter: 0
[2020.01.11-15.21.01:417][  0]LogD3D11RHI: Creating new Direct3DDevice
[2020.01.11-15.21.01:417][  0]LogD3D11RHI:     GPU DeviceId: 0x13c2 (for the marketing name, search the web for "GPU Device Id")
[2020.01.11-15.21.01:417][  0]LogWindows: EnumDisplayDevices:
[2020.01.11-15.21.01:417][  0]LogWindows:    0. 'NVIDIA GeForce GTX 970' (P:1 D:1)
[2020.01.11-15.21.01:417][  0]LogWindows:    1. 'NVIDIA GeForce GTX 970' (P:0 D:1)
[2020.01.11-15.21.01:418][  0]LogWindows:    2. 'NVIDIA GeForce GTX 970' (P:0 D:0)
[2020.01.11-15.21.01:418][  0]LogWindows:    3. 'NVIDIA GeForce GTX 970' (P:0 D:0)
[2020.01.11-15.21.01:418][  0]LogWindows: DebugString: FoundDriverCount:4 
[2020.01.11-15.21.01:418][  0]LogD3D11RHI:     Adapter Name: NVIDIA GeForce GTX 970
[2020.01.11-15.21.01:418][  0]LogD3D11RHI:   Driver Version: 441.41 (internal:26.21.14.4141, unified:441.41)
[2020.01.11-15.21.01:418][  0]LogD3D11RHI:      Driver Date: 11-20-2019
[2020.01.11-15.21.01:418][  0]LogRHI: Texture pool is 2830 MB (70% of 4043 MB)
[2020.01.11-15.21.01:456][  0]LogD3D11RHI: Async texture creation enabled
[2020.01.11-15.21.01:478][  0]LogD3D11RHI: GPU Timing Frequency: 1000.000000 (Debug: 2 1)
[2020.01.11-15.21.01:759][  0]LogTemp: Display: Module 'AllDesktopTargetPlatform' loaded TargetPlatform 'AllDesktop'
[2020.01.11-15.21.01:766][  0]LogTemp: Display: Module 'MacClientTargetPlatform' loaded TargetPlatform 'MacClient'
[2020.01.11-15.21.01:773][  0]LogTemp: Display: Module 'MacNoEditorTargetPlatform' loaded TargetPlatform 'MacNoEditor'
[2020.01.11-15.21.01:781][  0]LogTemp: Display: Module 'MacServerTargetPlatform' loaded TargetPlatform 'MacServer'
[2020.01.11-15.21.01:789][  0]LogTemp: Display: Module 'MacTargetPlatform' loaded TargetPlatform 'Mac'
[2020.01.11-15.21.01:795][  0]LogTemp: Display: Module 'WindowsClientTargetPlatform' loaded TargetPlatform 'WindowsClient'
[2020.01.11-15.21.01:803][  0]LogTemp: Display: Module 'WindowsNoEditorTargetPlatform' loaded TargetPlatform 'WindowsNoEditor'
[2020.01.11-15.21.01:810][  0]LogTemp: Display: Module 'WindowsServerTargetPlatform' loaded TargetPlatform 'WindowsServer'
[2020.01.11-15.21.01:813][  0]LogTemp: Display: Module 'WindowsTargetPlatform' loaded TargetPlatform 'Windows'
[2020.01.11-15.21.01:840][  0]LogTemp: Display: Module 'AndroidTargetPlatform' loaded TargetPlatform 'Android'
[2020.01.11-15.21.01:840][  0]LogTemp: Display: Module 'AndroidTargetPlatform' loaded TargetPlatform 'Android_ASTC'
[2020.01.11-15.21.01:840][  0]LogTemp: Display: Module 'AndroidTargetPlatform' loaded TargetPlatform 'Android_ATC'
[2020.01.11-15.21.01:840][  0]LogTemp: Display: Module 'AndroidTargetPlatform' loaded TargetPlatform 'Android_DXT'
[2020.01.11-15.21.01:840][  0]LogTemp: Display: Module 'AndroidTargetPlatform' loaded TargetPlatform 'Android_ETC1'
[2020.01.11-15.21.01:840][  0]LogTemp: Display: Module 'AndroidTargetPlatform' loaded TargetPlatform 'Android_ETC1a'
[2020.01.11-15.21.01:840][  0]LogTemp: Display: Module 'AndroidTargetPlatform' loaded TargetPlatform 'Android_ETC2'
[2020.01.11-15.21.01:840][  0]LogTemp: Display: Module 'AndroidTargetPlatform' loaded TargetPlatform 'Android_PVRTC'
[2020.01.11-15.21.01:840][  0]LogTemp: Display: Module 'AndroidTargetPlatform' loaded TargetPlatform 'AndroidClient'
[2020.01.11-15.21.01:840][  0]LogTemp: Display: Module 'AndroidTargetPlatform' loaded TargetPlatform 'Android_ASTCClient'
[2020.01.11-15.21.01:840][  0]LogTemp: Display: Module 'AndroidTargetPlatform' loaded TargetPlatform 'Android_ATCClient'
[2020.01.11-15.21.01:840][  0]LogTemp: Display: Module 'AndroidTargetPlatform' loaded TargetPlatform 'Android_DXTClient'
[2020.01.11-15.21.01:840][  0]LogTemp: Display: Module 'AndroidTargetPlatform' loaded TargetPlatform 'Android_ETC1Client'
[2020.01.11-15.21.01:840][  0]LogTemp: Display: Module 'AndroidTargetPlatform' loaded TargetPlatform 'Android_ETC1aClient'
[2020.01.11-15.21.01:840][  0]LogTemp: Display: Module 'AndroidTargetPlatform' loaded TargetPlatform 'Android_ETC2Client'
[2020.01.11-15.21.01:840][  0]LogTemp: Display: Module 'AndroidTargetPlatform' loaded TargetPlatform 'Android_PVRTCClient'
[2020.01.11-15.21.01:840][  0]LogTemp: Display: Module 'AndroidTargetPlatform' loaded TargetPlatform 'Android_Multi'
[2020.01.11-15.21.01:840][  0]LogTemp: Display: Module 'AndroidTargetPlatform' loaded TargetPlatform 'Android_MultiClient'
[2020.01.11-15.21.01:842][  0]LogTemp: Display: Module 'HTML5TargetPlatform' loaded TargetPlatform 'HTML5'
[2020.01.11-15.21.01:856][  0]LogTemp: Display: Module 'IOSTargetPlatform' loaded TargetPlatform 'IOSClient'
[2020.01.11-15.21.01:856][  0]LogTemp: Display: Module 'IOSTargetPlatform' loaded TargetPlatform 'IOS'
[2020.01.11-15.21.01:867][  0]LogTemp: Display: Module 'TVOSTargetPlatform' loaded TargetPlatform 'TVOSClient'
[2020.01.11-15.21.01:867][  0]LogTemp: Display: Module 'TVOSTargetPlatform' loaded TargetPlatform 'TVOS'
[2020.01.11-15.21.01:872][  0]LogTemp: Display: Module 'LinuxClientTargetPlatform' loaded TargetPlatform 'LinuxClient'
[2020.01.11-15.21.01:878][  0]LogTemp: Display: Module 'LinuxNoEditorTargetPlatform' loaded TargetPlatform 'LinuxNoEditor'
[2020.01.11-15.21.01:884][  0]LogTemp: Display: Module 'LinuxServerTargetPlatform' loaded TargetPlatform 'LinuxServer'
[2020.01.11-15.21.01:890][  0]LogTemp: Display: Module 'LinuxTargetPlatform' loaded TargetPlatform 'Linux'
[2020.01.11-15.21.01:910][  0]LogTemp: Display: Module 'LuminTargetPlatform' loaded TargetPlatform 'Lumin'
[2020.01.11-15.21.01:910][  0]LogTemp: Display: Module 'LuminTargetPlatform' loaded TargetPlatform 'LuminClient'
[2020.01.11-15.21.01:910][  0]LogTargetPlatformManager: Display: Building Assets For Windows
[2020.01.11-15.21.01:917][  0]LogAudioDebug: Display: Lib vorbis DLL was dynamically loaded.
[2020.01.11-15.21.01:952][  0]LogShaderCompilers: Guid format shader working directory is 11 characters bigger than the processId version (F:/SNACK/VoodoPickles/VoodoPickles/Intermediate/Shaders/WorkingDirectory/14040/).
[2020.01.11-15.21.01:952][  0]LogShaderCompilers: Cleaned the shader compiler working directory 'C:/Users/Artem/AppData/Local/Temp/UnrealShaderWorkingDir/229F912D4001FB9714F69D85354ADE27/'.
[2020.01.11-15.21.01:954][  0]LogXGEController: Cannot use XGE Controller as Incredibuild is not installed on this machine.
[2020.01.11-15.21.01:954][  0]LogShaderCompilers: Cannot use XGE Shader Compiler as Incredibuild is not installed on this machine.
[2020.01.11-15.21.01:954][  0]LogShaderCompilers: Display: Using Local Shader Compiler.
[2020.01.11-15.21.02:477][  0]LogDerivedDataCache: Display: Max Cache Size: 512 MB
[2020.01.11-15.21.02:522][  0]LogDerivedDataCache: Loaded boot cache 0.04s 73MB C:/Users/Artem/AppData/Local/UnrealEngine/4.23/DerivedDataCache/Boot.ddc.
[2020.01.11-15.21.02:522][  0]LogDerivedDataCache: Display: Loaded Boot cache: C:/Users/Artem/AppData/Local/UnrealEngine/4.23/DerivedDataCache/Boot.ddc
[2020.01.11-15.21.02:522][  0]LogDerivedDataCache: FDerivedDataBackendGraph:  Pak pak cache file F:/SNACK/VoodoPickles/VoodoPickles/DerivedDataCache/DDC.ddp not found, will not use a pak cache.
[2020.01.11-15.21.02:522][  0]LogDerivedDataCache: Unable to find inner node Pak for hierarchical cache Hierarchy.
[2020.01.11-15.21.02:522][  0]LogDerivedDataCache: FDerivedDataBackendGraph:  CompressedPak pak cache file F:/SNACK/VoodoPickles/VoodoPickles/DerivedDataCache/Compressed.ddp not found, will not use a pak cache.
[2020.01.11-15.21.02:522][  0]LogDerivedDataCache: Unable to find inner node CompressedPak for hierarchical cache Hierarchy.
[2020.01.11-15.21.02:532][  0]LogDerivedDataCache: Display: Pak cache opened for reading ../../../Engine/DerivedDataCache/Compressed.ddp.
[2020.01.11-15.21.02:532][  0]LogDerivedDataCache: FDerivedDataBackendGraph:  EnterprisePak pak cache file ../../../Enterprise/DerivedDataCache/Compressed.ddp not found, will not use a pak cache.
[2020.01.11-15.21.02:532][  0]LogDerivedDataCache: Unable to find inner node EnterprisePak for hierarchical cache Hierarchy.
[2020.01.11-15.21.02:533][  0]LogDerivedDataCache: Using Local data cache path C:/Users/Artem/AppData/Local/UnrealEngine/Common/DerivedDataCache: Writable
[2020.01.11-15.21.02:533][  0]LogDerivedDataCache: Shared data cache path not found in *engine.ini, will not use an Shared cache.
[2020.01.11-15.21.02:534][  0]LogDerivedDataCache: Unable to find inner node Shared for hierarchical cache Hierarchy.
[2020.01.11-15.21.02:552][  0]LogMaterial: Verifying Global Shaders for PCD3D_SM5
[2020.01.11-15.21.02:554][  0]LogSlate: Using FreeType 2.6.0
[2020.01.11-15.21.02:555][  0]LogSlate: SlateFontServices - WITH_FREETYPE: 1, WITH_HARFBUZZ: 1
[2020.01.11-15.21.02:604][  0]LogAssetRegistry: FAssetRegistry took 0.0029 seconds to start up
[2020.01.11-15.21.02:848][  0]LogInit: Selected Device Profile: [Windows]
[2020.01.11-15.21.02:967][  0]LogMeshReduction: Using QuadricMeshReduction for automatic static mesh reduction
[2020.01.11-15.21.02:967][  0]LogMeshReduction: Using SimplygonMeshReduction for automatic skeletal mesh reduction
[2020.01.11-15.21.02:967][  0]LogMeshReduction: Using ProxyLODMeshReduction for automatic mesh merging
[2020.01.11-15.21.02:967][  0]LogMeshReduction: No distributed automatic mesh merging module available
[2020.01.11-15.21.02:967][  0]LogMeshMerging: No distributed automatic mesh merging module available
[2020.01.11-15.21.02:975][  0]LogNetVersion: VoodoPickles 1.0.0, NetCL: 8386587, EngineNetVer: 11, GameNetVer: 0 (Checksum: 1917397578)
[2020.01.11-15.21.03:307][  0]LogPackageLocalizationCache: Processed 12 localized package path(s) for 1 prioritized culture(s) in 0.045622 seconds
[2020.01.11-15.21.03:313][  0]LogUObjectArray: 43444 objects as part of root set at end of initial load.
[2020.01.11-15.21.03:313][  0]LogUObjectAllocator: 7548648 out of 0 bytes used by permanent object pool.
[2020.01.11-15.21.03:313][  0]LogUObjectArray: CloseDisregardForGC: 0/0 objects in disregard for GC pool
[2020.01.11-15.21.04:017][  0]LogTcpMessaging: Initializing TcpMessaging bridge
[2020.01.11-15.21.04:020][  0]LogUdpMessaging: Initializing bridge on interface 0.0.0.0:0 to multicast group 230.0.0.1:6666.
[2020.01.11-15.21.04:069][  0]SourceControl: Source control is disabled
[2020.01.11-15.21.04:069][  0]SourceControl: Source control is disabled
[2020.01.11-15.21.04:071][  0]SourceControl: Source control is disabled
[2020.01.11-15.21.04:072][  0]SourceControl: Source control is disabled
[2020.01.11-15.21.04:088][  0]LogVSAccessor: Display: Unable to create Visual Studio setup instance: 80040154
[2020.01.11-15.21.04:088][  0]LogVSAccessor: Display: Unable to create Visual Studio setup instance: 80040154
[2020.01.11-15.21.04:157][  0]LogAndroidPermission: UAndroidPermissionCallbackProxy::GetInstance
[2020.01.11-15.21.04:348][  0]LogOcInput: OculusInput pre-init called
[2020.01.11-15.21.04:354][  0]LogWindows: Failed to load 'OVRPlugin.dll' (GetLastError=126)
[2020.01.11-15.21.04:354][  0]LogWindows: File 'OVRPlugin.dll' does not exist
[2020.01.11-15.21.04:411][  0]LogEngine: Initializing Engine...
[2020.01.11-15.21.04:415][  0]LogHMD: Failed to initialize OpenVR with code 105
[2020.01.11-15.21.04:416][  0]LogStats: UGameplayTagsManager::InitializeManager -  0.000 s
[2020.01.11-15.21.04:593][  0]LogInit: Initializing FReadOnlyCVARCache
[2020.01.11-15.21.04:603][  0]LogAIModule: Creating AISystem for world Untitled
[2020.01.11-15.21.04:664][  0]LogInit: XAudio2 using 'Headphones (High Definition Audio Device)' : 2 channels at 48 kHz using 16 bits per sample (channel mask 0x3)
[2020.01.11-15.21.04:695][  0]LogInit: FAudioDevice initialized.
[2020.01.11-15.21.04:695][  0]LogNetVersion: Set ProjectVersion to 1.0.0.0. Version Checksum will be recalculated on next use.
[2020.01.11-15.21.04:785][  0]LogDerivedDataCache: Saved boot cache 0.09s 73MB C:/Users/Artem/AppData/Local/UnrealEngine/4.23/DerivedDataCache/Boot.ddc.
[2020.01.11-15.21.04:788][  0]LogInit: Texture streaming: Enabled
[2020.01.11-15.21.04:804][  0]LogEngineSessionManager: EngineSessionManager initialized
[2020.01.11-15.21.04:804][  0]LogEditorSessionSummary: Verbose: Initializing EditorSessionSummaryWriter for editor session tracking
[2020.01.11-15.21.04:810][  0]LogEditorSessionSummary: EditorSessionSummaryWriter initialized
[2020.01.11-15.21.04:858][  0]LogInit: Transaction tracking system initialized
[2020.01.11-15.21.04:880][  0]BlueprintLog: New page: Editor Load
[2020.01.11-15.21.04:935][  0]LocalizationService: Localization service is disabled
[2020.01.11-15.21.04:973][  0]LogLinker: Warning: Failed to load '/Game/ProjectCelery/ThirdPersonOverview': Can't find file.
[2020.01.11-15.21.04:973][  0]LogLinker: Warning: Failed to load '/Game/ProjectCelery/ThirdPersonOverview': Can't find file.
[2020.01.11-15.21.04:973][  0]LogUObjectGlobals: Warning: Failed to find object 'Class /Game/ProjectCelery/ThirdPersonOverview.ThirdPersonOverview_C'
[2020.01.11-15.21.04:991][  0]LogVSAccessor: Display: Unable to create Visual Studio setup instance: 80040154
[2020.01.11-15.21.04:992][  0]LogVSAccessor: Display: Unable to create Visual Studio setup instance: 80040154
[2020.01.11-15.21.05:126][  0]LogFileCache: Scanning file cache for directory 'F:/SNACK/VoodoPickles/VoodoPickles/Content/' took 0.01s
[2020.01.11-15.21.05:126][  0]LogCook: Display: Max memory allowance for cook 16384mb min free memory 0mb
[2020.01.11-15.21.05:126][  0]LogCook: Display: Mobile HDR setting 1
[2020.01.11-15.21.05:272][  0]SourceControl: Source control is disabled
[2020.01.11-15.21.05:272][  0]Cmd: MAP LOAD FILE="F:/SNACK/VoodoPickles/VoodoPickles/Content/1VoodoPickles/Maps/ThirdPersonExampleMap.umap" TEMPLATE=0 SHOWPROGRESS=1 FEATURELEVEL=3
[2020.01.11-15.21.05:272][  0]LightingResults: New page: Lighting Build
[2020.01.11-15.21.05:274][  0]LogWorld: UWorld::CleanupWorld for Untitled, bSessionEnded=true, bCleanupResources=true
[2020.01.11-15.21.05:274][  0]MapCheck: New page: Map Check
[2020.01.11-15.21.05:274][  0]LightingResults: New page: Lighting Build
[2020.01.11-15.21.05:294][  0]LogUObjectHash: Compacting FUObjectHashTables data took   1.57ms
[2020.01.11-15.21.05:492][  0]LogAIModule: Creating AISystem for world ThirdPersonExampleMap
[2020.01.11-15.21.05:497][  0]LogEditorServer: Finished looking for orphan Actors (0.000 secs)
[2020.01.11-15.21.05:519][  0]LogUObjectHash: Compacting FUObjectHashTables data took   1.94ms
[2020.01.11-15.21.05:519][  0]Cmd: MAP CHECKDEP NOCLEARLOG
[2020.01.11-15.21.05:519][  0]MapCheck: Map check complete: 0 Error(s), 0 Warning(s), took 0.082ms to complete.
[2020.01.11-15.21.05:519][  0]LogFileHelpers: Loading map 'ThirdPersonExampleMap' took 0.248
[2020.01.11-15.21.05:620][  0]LogSlate: Updating window title bar state: overlay mode, drag disabled, window buttons hidden, title bar hidden
[2020.01.11-15.21.05:627][  0]LogSlate: Updating window title bar state: overlay mode, drag disabled, window buttons hidden, title bar hidden
[2020.01.11-15.21.05:633][  0]LogSlate: Updating window title bar state: overlay mode, drag disabled, window buttons hidden, title bar hidden
[2020.01.11-15.21.05:638][  0]LogSlate: Updating window title bar state: overlay mode, drag disabled, window buttons hidden, title bar hidden
[2020.01.11-15.21.05:644][  0]LogCollectionManager: Loaded 0 collections in 0.001316 seconds
[2020.01.11-15.21.05:650][  0]LogFileCache: Scanning file cache for directory 'F:/SNACK/VoodoPickles/VoodoPickles/Saved/Collections/' took 0.00s
[2020.01.11-15.21.05:650][  0]LogFileCache: Scanning file cache for directory 'F:/SNACK/VoodoPickles/VoodoPickles/Content/Developers/Artem/Collections/' took 0.00s
[2020.01.11-15.21.05:650][  0]LogFileCache: Scanning file cache for directory 'F:/SNACK/VoodoPickles/VoodoPickles/Content/Collections/' took 0.00s
[2020.01.11-15.21.05:650][  0]LogCollectionManager: Rebuilt the GUID cache for 0 collections in 0.000001 seconds
[2020.01.11-15.21.05:657][  0]LogContentBrowser: Native class hierarchy populated in 0.0070 seconds. Added 2863 classes and 680 folders.
[2020.01.11-15.21.05:662][  0]LogContentBrowser: Native class hierarchy updated for 'WidgetCarousel' in 0.0002 seconds. Added 0 classes and 0 folders.
[2020.01.11-15.21.05:699][  0]LogContentBrowser: Native class hierarchy updated for 'AddContentDialog' in 0.0003 seconds. Added 0 classes and 0 folders.
[2020.01.11-15.21.05:704][  0]LogContentBrowser: Native class hierarchy updated for 'SceneOutliner' in 0.0003 seconds. Added 1 classes and 2 folders.
[2020.01.11-15.21.05:766][  0]LogSlate: Took 0.000184 seconds to synchronously load lazily loaded font '../../../Engine/Content/Slate/Fonts/Roboto-Regular.ttf' (155K)
[2020.01.11-15.21.05:768][  0]LogSlate: Took 0.000121 seconds to synchronously load lazily loaded font '../../../Engine/Content/Slate/Fonts/Roboto-Bold.ttf' (160K)
[2020.01.11-15.21.05:772][  0]LogSlate: Took 0.000130 seconds to synchronously load lazily loaded font '../../../Engine/Content/Editor/Slate/Fonts/FontAwesome.ttf' (139K)
[2020.01.11-15.21.05:825][  0]LogRenderer: Reallocating scene render targets to support 1700x856 Format 10 NumSamples 1 (Frame:1).
[2020.01.11-15.21.05:915][  0]LogContentBrowser: Native class hierarchy updated for 'HierarchicalLODOutliner' in 0.0003 seconds. Added 0 classes and 0 folders.
[2020.01.11-15.21.05:915][  0]LogLoad: (Engine Initialization) Total time: 5.84 seconds
[2020.01.11-15.21.05:915][  0]LogLoad: (Engine Initialization) Total Blueprint compile time: 0.00 seconds
[2020.01.11-15.21.05:955][  0]LogAssetRegistry: Asset discovery search completed in 3.3512 seconds
[2020.01.11-15.21.05:958][  0]LogCollectionManager: Rebuilt the object cache for 0 collections in 0.000003 seconds (found 0 objects)
[2020.01.11-15.21.05:958][  0]LogCollectionManager: Fixed up redirectors for 0 collections in 0.000040 seconds (updated 0 objects)
[2020.01.11-15.21.05:959][  0]LogContentStreaming: Texture pool size now 1000 MB
[2020.01.11-15.21.06:941][107]LogSlate: Took 0.000174 seconds to synchronously load lazily loaded font '../../../Engine/Content/Slate/Fonts/Roboto-Light.ttf' (167K)
[2020.01.11-15.21.07:646][188]LogSlate: FSceneViewport::OnFocusLost() reason 0
[2020.01.11-15.21.07:781][201]LogAssetEditorManager: Opening Asset editor for Blueprint /Game/1VoodoPickles/Blueprints/BP_Blocker.BP_Blocker
[2020.01.11-15.21.07:977][201]LogContentBrowser: Native class hierarchy updated for 'BlueprintGraph' in 0.0005 seconds. Added 121 classes and 0 folders.
[2020.01.11-15.21.08:698][201]LogSlate: Took 0.000158 seconds to synchronously load lazily loaded font '../../../Engine/Content/Slate/Fonts/Roboto-BoldCondensed.ttf' (158K)
[2020.01.11-15.21.08:733][202]LogSlate: Took 0.000247 seconds to synchronously load lazily loaded font '../../../Engine/Content/Slate/Fonts/Roboto-Italic.ttf' (157K)
[2020.01.11-15.21.09:997][322]LogSlate: Window 'BP_Blocker' being destroyed
[2020.01.11-15.21.10:007][323]LogRenderer: Reallocating scene render targets to support 2548x1284 Format 10 NumSamples 1 (Frame:297).
[2020.01.11-15.21.15:101][809]LogSlate: FSceneViewport::OnFocusLost() reason 2
[2020.01.11-15.21.21:464][542]LogSlate: FSceneViewport::OnFocusLost() reason 0
[2020.01.11-15.21.21:521][549]BlueprintLog: New page: Compile BP_Blocker
[2020.01.11-15.21.21:702][549]LogUObjectHash: Compacting FUObjectHashTables data took   3.12ms
[2020.01.11-15.21.21:981][554]Cmd: OBJ SAVEPACKAGE PACKAGE="/Game/1VoodoPickles/Blueprints/BP_Blocker" FILE="F:/SNACK/VoodoPickles/VoodoPickles/Content/1VoodoPickles/Blueprints/BP_Blocker.uasset" SILENT=true
[2020.01.11-15.21.22:084][554]LogSavePackage: Moving 'F:/SNACK/VoodoPickles/VoodoPickles/Saved/BP_BlockerFB803CEA451313E5FDC64EA81EE500CE.tmp' to 'F:/SNACK/VoodoPickles/VoodoPickles/Content/1VoodoPickles/Blueprints/BP_Blocker.uasset'
[2020.01.11-15.21.22:320][580]LogSlate: FSceneViewport::OnFocusLost() reason 0
[2020.01.11-15.21.23:173][673]LogTemp: Repeating last play command: Selected Viewport
[2020.01.11-15.21.23:184][673]LogBlueprintUserMessages: Early PlayInEditor Detection: Level '/Game/1VoodoPickles/Maps/ThirdPersonExampleMap.ThirdPersonExampleMap:PersistentLevel' has LevelScriptBlueprint '/Game/1VoodoPickles/Maps/ThirdPersonExampleMap.ThirdPersonExampleMap:PersistentLevel.ThirdPersonExampleMap' with GeneratedClass '/Game/1VoodoPickles/Maps/ThirdPersonExampleMap.ThirdPersonExampleMap_C' with ClassGeneratedBy '/Game/1VoodoPickles/Maps/ThirdPersonExampleMap.ThirdPersonExampleMap:PersistentLevel.ThirdPersonExampleMap'
[2020.01.11-15.21.23:184][673]LogPlayLevel: PlayLevel: No blueprints needed recompiling
[2020.01.11-15.21.23:184][673]PIE: New page: PIE session: ThirdPersonExampleMap (Jan 11, 2020, 5:21:23 PM)
[2020.01.11-15.21.23:185][673]LogOnline: OSS: Creating online subsystem instance for: NULL
[2020.01.11-15.21.23:186][673]LogPlayLevel: Creating play world package: /Game/1VoodoPickles/Maps/UEDPIE_0_ThirdPersonExampleMap
[2020.01.11-15.21.23:197][673]LogPlayLevel: PIE: StaticDuplicateObject took: (0.011179s)
[2020.01.11-15.21.23:198][673]LogAIModule: Creating AISystem for world ThirdPersonExampleMap
[2020.01.11-15.21.23:198][673]LogPlayLevel: PIE: World Init took: (0.000952s)
[2020.01.11-15.21.23:198][673]LogPlayLevel: PIE: Created PIE world by copying editor world from /Game/1VoodoPickles/Maps/ThirdPersonExampleMap.ThirdPersonExampleMap to /Game/1VoodoPickles/Maps/UEDPIE_0_ThirdPersonExampleMap.ThirdPersonExampleMap (0.012363s)
[2020.01.11-15.21.23:228][673]LogUObjectHash: Compacting FUObjectHashTables data took   2.85ms
[2020.01.11-15.21.23:281][673]LogInit: XAudio2 using 'Headphones (High Definition Audio Device)' : 2 channels at 48 kHz using 16 bits per sample (channel mask 0x3)
[2020.01.11-15.21.23:292][673]LogInit: FAudioDevice initialized.
[2020.01.11-15.21.23:298][673]LogLinker: Warning: Failed to load '/Game/ThirdPersonBP/Blueprints/ThirdPersonGameMode': Can't find file.
[2020.01.11-15.21.23:298][673]LogLinker: Warning: Failed to load '/Game/ThirdPersonBP/Blueprints/ThirdPersonGameMode': Can't find file.
[2020.01.11-15.21.23:298][673]LogUObjectGlobals: Warning: Failed to find object 'Class /Game/ThirdPersonBP/Blueprints/ThirdPersonGameMode.ThirdPersonGameMode_C'
[2020.01.11-15.21.23:298][673]LogLoad: Game class is 'GameModeBase'
[2020.01.11-15.21.23:300][673]LogWorld: Bringing World /Game/1VoodoPickles/Maps/UEDPIE_0_ThirdPersonExampleMap.ThirdPersonExampleMap up for play (max tick rate 0) at 2020.01.11-16.21.23
[2020.01.11-15.21.23:300][673]LogWorld: Bringing up level for play took: 0.000918
[2020.01.11-15.21.23:300][673]LogOnline: OSS: Creating online subsystem instance for: :Context_6
[2020.01.11-15.21.23:305][673]LogContentBrowser: Native class hierarchy updated for 'MovieSceneCapture' in 0.0003 seconds. Added 20 classes and 0 folders.
[2020.01.11-15.21.23:305][673]PIE: Play in editor start time for /Game/1VoodoPickles/Maps/UEDPIE_0_ThirdPersonExampleMap 0.112
[2020.01.11-15.21.23:306][673]LogBlueprintUserMessages: Late PlayInEditor Detection: Level '/Game/1VoodoPickles/Maps/ThirdPersonExampleMap.ThirdPersonExampleMap:PersistentLevel' has LevelScriptBlueprint '/Game/1VoodoPickles/Maps/ThirdPersonExampleMap.ThirdPersonExampleMap:PersistentLevel.ThirdPersonExampleMap' with GeneratedClass '/Game/1VoodoPickles/Maps/ThirdPersonExampleMap.ThirdPersonExampleMap_C' with ClassGeneratedBy '/Game/1VoodoPickles/Maps/ThirdPersonExampleMap.ThirdPersonExampleMap:PersistentLevel.ThirdPersonExampleMap'
[2020.01.11-15.21.24:805][802]LogBlueprintUserMessages: Early EndPlayMap Detection: Level '/Game/1VoodoPickles/Maps/ThirdPersonExampleMap.ThirdPersonExampleMap:PersistentLevel' has LevelScriptBlueprint '/Game/1VoodoPickles/Maps/ThirdPersonExampleMap.ThirdPersonExampleMap:PersistentLevel.ThirdPersonExampleMap' with GeneratedClass '/Game/1VoodoPickles/Maps/ThirdPersonExampleMap.ThirdPersonExampleMap_C' with ClassGeneratedBy '/Game/1VoodoPickles/Maps/ThirdPersonExampleMap.ThirdPersonExampleMap:PersistentLevel.ThirdPersonExampleMap'
[2020.01.11-15.21.24:805][802]LogSlate: Updating window title bar state: overlay mode, drag disabled, window buttons hidden, title bar hidden
[2020.01.11-15.21.24:805][802]LogWorld: BeginTearingDown for /Game/1VoodoPickles/Maps/UEDPIE_0_ThirdPersonExampleMap
[2020.01.11-15.21.24:806][802]LogWorld: UWorld::CleanupWorld for ThirdPersonExampleMap, bSessionEnded=true, bCleanupResources=true
[2020.01.11-15.21.24:812][802]LogPlayLevel: Display: Shutting down PIE online subsystems
[2020.01.11-15.21.24:812][802]LogBlueprintUserMessages: Late EndPlayMap Detection: Level '/Game/1VoodoPickles/Maps/ThirdPersonExampleMap.ThirdPersonExampleMap:PersistentLevel' has LevelScriptBlueprint '/Game/1VoodoPickles/Maps/ThirdPersonExampleMap.ThirdPersonExampleMap:PersistentLevel.ThirdPersonExampleMap' with GeneratedClass '/Game/1VoodoPickles/Maps/ThirdPersonExampleMap.ThirdPersonExampleMap_C' with ClassGeneratedBy '/Game/1VoodoPickles/Maps/ThirdPersonExampleMap.ThirdPersonExampleMap:PersistentLevel.ThirdPersonExampleMap'
[2020.01.11-15.21.24:845][802]LogSlate: Updating window title bar state: overlay mode, drag disabled, window buttons hidden, title bar hidden
[2020.01.11-15.21.24:874][802]LogUObjectHash: Compacting FUObjectHashTables data took   3.58ms
[2020.01.11-15.21.24:909][805]LogPlayLevel: Display: Destroying online subsystem :Context_6
[2020.01.11-15.21.26:960][ 17]LogAIModule: Creating AISystem for world TestLevel
[2020.01.11-15.21.26:965][ 17]LogAssetEditorManager: Opening Asset editor for World /Game/1VoodoPickles/Maps/TestLevel.TestLevel
[2020.01.11-15.21.26:996][ 17]LogUObjectHash: Compacting FUObjectHashTables data took   3.47ms
[2020.01.11-15.21.26:997][ 17]Cmd: MAP LOAD FILE="F:/SNACK/VoodoPickles/VoodoPickles/Content/1VoodoPickles/Maps/TestLevel.umap" TEMPLATE=0 SHOWPROGRESS=1 FEATURELEVEL=3
[2020.01.11-15.21.26:997][ 17]LightingResults: New page: Lighting Build
[2020.01.11-15.21.26:998][ 17]LoadErrors: New page: Loading map: TestLevel.umap
[2020.01.11-15.21.26:998][ 17]LogWorld: UWorld::CleanupWorld for ThirdPersonExampleMap, bSessionEnded=true, bCleanupResources=true
[2020.01.11-15.21.26:998][ 17]MapCheck: New page: Map Check
[2020.01.11-15.21.26:998][ 17]LightingResults: New page: Lighting Build
[2020.01.11-15.21.27:029][ 17]LogUObjectHash: Compacting FUObjectHashTables data took   3.25ms
[2020.01.11-15.21.27:108][ 17]LogEditorServer: Finished looking for orphan Actors (0.000 secs)
[2020.01.11-15.21.27:135][ 17]LogUObjectHash: Compacting FUObjectHashTables data took   2.67ms
[2020.01.11-15.21.27:150][ 17]Cmd: MAP CHECKDEP NOCLEARLOG
[2020.01.11-15.21.27:150][ 17]MapCheck: Map check complete: 0 Error(s), 0 Warning(s), took 0.056ms to complete.
[2020.01.11-15.21.27:150][ 17]LogFileHelpers: Loading map 'TestLevel' took 0.154
[2020.01.11-15.21.28:411][161]LogTemp: Repeating last play command: Selected Viewport
[2020.01.11-15.21.28:423][161]LogBlueprintUserMessages: Early PlayInEditor Detection: Level '/Game/1VoodoPickles/Maps/TestLevel.TestLevel:PersistentLevel' has LevelScriptBlueprint '/Game/1VoodoPickles/Maps/TestLevel.TestLevel:PersistentLevel.TestLevel' with GeneratedClass '/Game/1VoodoPickles/Maps/TestLevel.TestLevel_C' with ClassGeneratedBy '/Game/1VoodoPickles/Maps/TestLevel.TestLevel:PersistentLevel.TestLevel'
[2020.01.11-15.21.28:423][161]LogPlayLevel: PlayLevel: No blueprints needed recompiling
[2020.01.11-15.21.28:423][161]PIE: New page: PIE session: TestLevel (Jan 11, 2020, 5:21:28 PM)
[2020.01.11-15.21.28:423][161]LogPlayLevel: Creating play world package: /Game/1VoodoPickles/Maps/UEDPIE_0_TestLevel
[2020.01.11-15.21.28:425][161]LogPlayLevel: PIE: StaticDuplicateObject took: (0.001746s)
[2020.01.11-15.21.28:426][161]LogAIModule: Creating AISystem for world TestLevel
[2020.01.11-15.21.28:426][161]LogPlayLevel: PIE: World Init took: (0.001288s)
[2020.01.11-15.21.28:426][161]LogPlayLevel: PIE: Created PIE world by copying editor world from /Game/1VoodoPickles/Maps/TestLevel.TestLevel to /Game/1VoodoPickles/Maps/UEDPIE_0_TestLevel.TestLevel (0.003173s)
[2020.01.11-15.21.28:456][161]LogUObjectHash: Compacting FUObjectHashTables data took   2.58ms
[2020.01.11-15.21.28:505][161]LogInit: XAudio2 using 'Headphones (High Definition Audio Device)' : 2 channels at 48 kHz using 16 bits per sample (channel mask 0x3)
[2020.01.11-15.21.28:517][161]LogInit: FAudioDevice initialized.
[2020.01.11-15.21.28:527][161]LogLoad: Game class is 'RunGameMode_C'
[2020.01.11-15.21.28:528][161]LogWorld: Bringing World /Game/1VoodoPickles/Maps/UEDPIE_0_TestLevel.TestLevel up for play (max tick rate 0) at 2020.01.11-16.21.28
[2020.01.11-15.21.28:528][161]LogWorld: Bringing up level for play took: 0.000368
[2020.01.11-15.21.28:528][161]LogOnline: OSS: Creating online subsystem instance for: :Context_7
[2020.01.11-15.21.28:539][161]PIE: Play in editor start time for /Game/1VoodoPickles/Maps/UEDPIE_0_TestLevel -0.655
[2020.01.11-15.21.28:539][161]LogBlueprintUserMessages: Late PlayInEditor Detection: Level '/Game/1VoodoPickles/Maps/TestLevel.TestLevel:PersistentLevel' has LevelScriptBlueprint '/Game/1VoodoPickles/Maps/TestLevel.TestLevel:PersistentLevel.TestLevel' with GeneratedClass '/Game/1VoodoPickles/Maps/TestLevel.TestLevel_C' with ClassGeneratedBy '/Game/1VoodoPickles/Maps/TestLevel.TestLevel:PersistentLevel.TestLevel'
[2020.01.11-15.21.38:961][266]LogSlate: FSceneViewport::OnFocusLost() reason 0
[2020.01.11-15.21.56:977][155]LogSlate: FSceneViewport::OnFocusLost() reason 0
[2020.01.11-15.21.58:337][295]LogAssetEditorManager: Opening Asset editor for Blueprint /Game/1VoodoPickles/Blueprints/BP_FloorTile.BP_FloorTile
[2020.01.11-15.22.05:038][ 34]LogSlate: FSceneViewport::OnFocusLost() reason 0
[2020.01.11-15.22.23:470][917]LogSlate: FSceneViewport::OnFocusLost() reason 0
[2020.01.11-15.22.32:061][877]LogSlate: FSceneViewport::OnFocusLost() reason 0
[2020.01.11-15.22.32:111][883]LogBlueprintUserMessages: Early EndPlayMap Detection: Level '/Game/1VoodoPickles/Maps/TestLevel.TestLevel:PersistentLevel' has LevelScriptBlueprint '/Game/1VoodoPickles/Maps/TestLevel.TestLevel:PersistentLevel.TestLevel' with GeneratedClass '/Game/1VoodoPickles/Maps/TestLevel.TestLevel_C' with ClassGeneratedBy '/Game/1VoodoPickles/Maps/TestLevel.TestLevel:PersistentLevel.TestLevel'
[2020.01.11-15.22.32:111][883]LogSlate: Updating window title bar state: overlay mode, drag disabled, window buttons hidden, title bar hidden
[2020.01.11-15.22.32:111][883]LogWorld: BeginTearingDown for /Game/1VoodoPickles/Maps/UEDPIE_0_TestLevel
[2020.01.11-15.22.32:113][883]LogWorld: UWorld::CleanupWorld for TestLevel, bSessionEnded=true, bCleanupResources=true
[2020.01.11-15.22.32:126][883]LogPlayLevel: Display: Shutting down PIE online subsystems
[2020.01.11-15.22.32:126][883]LogBlueprintUserMessages: Late EndPlayMap Detection: Level '/Game/1VoodoPickles/Maps/TestLevel.TestLevel:PersistentLevel' has LevelScriptBlueprint '/Game/1VoodoPickles/Maps/TestLevel.TestLevel:PersistentLevel.TestLevel' with GeneratedClass '/Game/1VoodoPickles/Maps/TestLevel.TestLevel_C' with ClassGeneratedBy '/Game/1VoodoPickles/Maps/TestLevel.TestLevel:PersistentLevel.TestLevel'
[2020.01.11-15.22.32:163][883]LogSlate: Updating window title bar state: overlay mode, drag disabled, window buttons hidden, title bar hidden
[2020.01.11-15.22.32:168][883]LogUObjectHash: Compacting FUObjectHashTables data took   3.33ms
[2020.01.11-15.22.32:216][887]LogPlayLevel: Display: Destroying online subsystem :Context_7
[2020.01.11-15.22.48:442][737]LogActorComponent: RegisterComponentWithWorld: (/Engine/Transient.World_6:PersistentLevel.DESTROYED_BP_Blocker_C_CHILDACTOR_5.DefaultSceneRoot) Trying to register component with IsPendingKill() == true. Aborting.
[2020.01.11-15.22.48:443][737]LogActorComponent: RegisterComponentWithWorld: (/Engine/Transient.World_5:PersistentLevel.DESTROYED_BP_Blocker_C_CHILDACTOR_3.DefaultSceneRoot) Trying to register component with IsPendingKill() == true. Aborting.
[2020.01.11-15.22.48:449][737]LogActorComponent: RegisterComponentWithWorld: (/Engine/Transient.World_6:PersistentLevel.DESTROYED_BP_Blocker_C_CHILDACTOR_9.DefaultSceneRoot) Trying to register component with IsPendingKill() == true. Aborting.
[2020.01.11-15.22.48:451][737]LogActorComponent: RegisterComponentWithWorld: (/Engine/Transient.World_5:PersistentLevel.DESTROYED_BP_Blocker_C_CHILDACTOR_7.DefaultSceneRoot) Trying to register component with IsPendingKill() == true. Aborting.
[2020.01.11-15.22.48:457][737]LogActorComponent: RegisterComponentWithWorld: (/Engine/Transient.World_6:PersistentLevel.DESTROYED_BP_Blocker_C_CHILDACTOR_13.DefaultSceneRoot) Trying to register component with IsPendingKill() == true. Aborting.
[2020.01.11-15.22.48:458][737]LogActorComponent: RegisterComponentWithWorld: (/Engine/Transient.World_5:PersistentLevel.DESTROYED_BP_Blocker_C_CHILDACTOR_11.DefaultSceneRoot) Trying to register component with IsPendingKill() == true. Aborting.
[2020.01.11-15.22.48:465][737]LogActorComponent: RegisterComponentWithWorld: (/Engine/Transient.World_6:PersistentLevel.DESTROYED_BP_Blocker_C_CHILDACTOR_17.DefaultSceneRoot) Trying to register component with IsPendingKill() == true. Aborting.
[2020.01.11-15.22.48:466][737]LogActorComponent: RegisterComponentWithWorld: (/Engine/Transient.World_5:PersistentLevel.DESTROYED_BP_Blocker_C_CHILDACTOR_15.DefaultSceneRoot) Trying to register component with IsPendingKill() == true. Aborting.
[2020.01.11-15.22.48:474][737]LogActorComponent: RegisterComponentWithWorld: (/Engine/Transient.World_6:PersistentLevel.DESTROYED_BP_Blocker_C_CHILDACTOR_21.DefaultSceneRoot) Trying to register component with IsPendingKill() == true. Aborting.
[2020.01.11-15.22.48:475][737]LogActorComponent: RegisterComponentWithWorld: (/Engine/Transient.World_5:PersistentLevel.DESTROYED_BP_Blocker_C_CHILDACTOR_19.DefaultSceneRoot) Trying to register component with IsPendingKill() == true. Aborting.
[2020.01.11-15.22.49:976][886]BlueprintLog: New page: Compile BP_Blocker
[2020.01.11-15.22.50:171][886]LogUObjectHash: Compacting FUObjectHashTables data took   3.44ms
[2020.01.11-15.22.50:176][886]LogActorComponent: RegisterComponentWithWorld: (/Engine/Transient.World_6:PersistentLevel.DESTROYED_BP_Blocker_C_CHILDACTOR_23.DefaultSceneRoot) Trying to register component with IsPendingKill() == true. Aborting.
[2020.01.11-15.22.50:177][886]LogActorComponent: RegisterComponentWithWorld: (/Engine/Transient.World_5:PersistentLevel.DESTROYED_BP_Blocker_C_CHILDACTOR_21.DefaultSceneRoot) Trying to register component with IsPendingKill() == true. Aborting.
[2020.01.11-15.22.50:182][886]LogActorComponent: RegisterComponentWithWorld: (/Engine/Transient.World_6:PersistentLevel.DESTROYED_BP_Blocker_C_CHILDACTOR_25.DefaultSceneRoot) Trying to register component with IsPendingKill() == true. Aborting.
[2020.01.11-15.22.50:183][886]LogActorComponent: RegisterComponentWithWorld: (/Engine/Transient.World_5:PersistentLevel.DESTROYED_BP_Blocker_C_CHILDACTOR_23.DefaultSceneRoot) Trying to register component with IsPendingKill() == true. Aborting.
[2020.01.11-15.22.50:450][905]Cmd: OBJ SAVEPACKAGE PACKAGE="/Game/1VoodoPickles/Blueprints/BP_Blocker" FILE="F:/SNACK/VoodoPickles/VoodoPickles/Content/1VoodoPickles/Blueprints/BP_Blocker.uasset" SILENT=true
[2020.01.11-15.22.50:468][905]LogSavePackage: Moving 'F:/SNACK/VoodoPickles/VoodoPickles/Saved/BP_Blocker56A9E8574F1401E53C119FB2F1C5C918.tmp' to 'F:/SNACK/VoodoPickles/VoodoPickles/Content/1VoodoPickles/Blueprints/BP_Blocker.uasset'
[2020.01.11-15.22.51:771][ 52]LogTemp: Repeating last play command: Selected Viewport
[2020.01.11-15.22.51:787][ 52]LogBlueprintUserMessages: Early PlayInEditor Detection: Level '/Game/1VoodoPickles/Maps/TestLevel.TestLevel:PersistentLevel' has LevelScriptBlueprint '/Game/1VoodoPickles/Maps/TestLevel.TestLevel:PersistentLevel.TestLevel' with GeneratedClass '/Game/1VoodoPickles/Maps/TestLevel.TestLevel_C' with ClassGeneratedBy '/Game/1VoodoPickles/Maps/TestLevel.TestLevel:PersistentLevel.TestLevel'
[2020.01.11-15.22.51:787][ 52]LogPlayLevel: PlayLevel: No blueprints needed recompiling
[2020.01.11-15.22.51:787][ 52]PIE: New page: PIE session: TestLevel (Jan 11, 2020, 5:22:51 PM)
[2020.01.11-15.22.51:787][ 52]LogPlayLevel: Creating play world package: /Game/1VoodoPickles/Maps/UEDPIE_0_TestLevel
[2020.01.11-15.22.51:789][ 52]LogPlayLevel: PIE: StaticDuplicateObject took: (0.001983s)
[2020.01.11-15.22.51:790][ 52]LogAIModule: Creating AISystem for world TestLevel
[2020.01.11-15.22.51:790][ 52]LogPlayLevel: PIE: World Init took: (0.001149s)
[2020.01.11-15.22.51:790][ 52]LogPlayLevel: PIE: Created PIE world by copying editor world from /Game/1VoodoPickles/Maps/TestLevel.TestLevel to /Game/1VoodoPickles/Maps/UEDPIE_0_TestLevel.TestLevel (0.003250s)
[2020.01.11-15.22.51:823][ 52]LogUObjectHash: Compacting FUObjectHashTables data took   3.65ms
[2020.01.11-15.22.51:871][ 52]LogInit: XAudio2 using 'Headphones (High Definition Audio Device)' : 2 channels at 48 kHz using 16 bits per sample (channel mask 0x3)
[2020.01.11-15.22.51:884][ 52]LogInit: FAudioDevice initialized.
[2020.01.11-15.22.51:893][ 52]LogLoad: Game class is 'RunGameMode_C'
[2020.01.11-15.22.51:894][ 52]LogWorld: Bringing World /Game/1VoodoPickles/Maps/UEDPIE_0_TestLevel.TestLevel up for play (max tick rate 0) at 2020.01.11-16.22.51
[2020.01.11-15.22.51:894][ 52]LogWorld: Bringing up level for play took: 0.000339
[2020.01.11-15.22.51:894][ 52]LogOnline: OSS: Creating online subsystem instance for: :Context_10
[2020.01.11-15.22.51:903][ 52]PIE: Play in editor start time for /Game/1VoodoPickles/Maps/UEDPIE_0_TestLevel 0.709
[2020.01.11-15.22.51:903][ 52]LogBlueprintUserMessages: Late PlayInEditor Detection: Level '/Game/1VoodoPickles/Maps/TestLevel.TestLevel:PersistentLevel' has LevelScriptBlueprint '/Game/1VoodoPickles/Maps/TestLevel.TestLevel:PersistentLevel.TestLevel' with GeneratedClass '/Game/1VoodoPickles/Maps/TestLevel.TestLevel_C' with ClassGeneratedBy '/Game/1VoodoPickles/Maps/TestLevel.TestLevel:PersistentLevel.TestLevel'
[2020.01.11-15.23.09:499][160]LogBlueprintUserMessages: Early EndPlayMap Detection: Level '/Game/1VoodoPickles/Maps/TestLevel.TestLevel:PersistentLevel' has LevelScriptBlueprint '/Game/1VoodoPickles/Maps/TestLevel.TestLevel:PersistentLevel.TestLevel' with GeneratedClass '/Game/1VoodoPickles/Maps/TestLevel.TestLevel_C' with ClassGeneratedBy '/Game/1VoodoPickles/Maps/TestLevel.TestLevel:PersistentLevel.TestLevel'
[2020.01.11-15.23.09:500][160]LogSlate: Updating window title bar state: overlay mode, drag disabled, window buttons hidden, title bar hidden
[2020.01.11-15.23.09:500][160]LogWorld: BeginTearingDown for /Game/1VoodoPickles/Maps/UEDPIE_0_TestLevel
[2020.01.11-15.23.09:500][160]LogWorld: UWorld::CleanupWorld for TestLevel, bSessionEnded=true, bCleanupResources=true
[2020.01.11-15.23.09:509][160]LogPlayLevel: Display: Shutting down PIE online subsystems
[2020.01.11-15.23.09:509][160]LogBlueprintUserMessages: Late EndPlayMap Detection: Level '/Game/1VoodoPickles/Maps/TestLevel.TestLevel:PersistentLevel' has LevelScriptBlueprint '/Game/1VoodoPickles/Maps/TestLevel.TestLevel:PersistentLevel.TestLevel' with GeneratedClass '/Game/1VoodoPickles/Maps/TestLevel.TestLevel_C' with ClassGeneratedBy '/Game/1VoodoPickles/Maps/TestLevel.TestLevel:PersistentLevel.TestLevel'
[2020.01.11-15.23.09:546][160]LogSlate: Updating window title bar state: overlay mode, drag disabled, window buttons hidden, title bar hidden
[2020.01.11-15.23.09:551][160]LogUObjectHash: Compacting FUObjectHashTables data took   3.18ms
[2020.01.11-15.23.09:616][162]LogPlayLevel: Display: Destroying online subsystem :Context_10
[2020.01.11-15.23.10:516][270]LogSlate: FSceneViewport::OnFocusLost() reason 0
[2020.01.11-15.23.10:605][277]LogUObjectHash: Compacting FUObjectHashTables data took   0.88ms
[2020.01.11-15.23.10:650][277]LogWorld: UWorld::CleanupWorld for World_1, bSessionEnded=true, bCleanupResources=true
[2020.01.11-15.23.10:690][277]LogActorComponent: UnregisterComponent: (/Engine/Transient.EditorFloorComp) Not registered. Aborting.
[2020.01.11-15.23.10:690][277]LogWorld: UWorld::CleanupWorld for World_6, bSessionEnded=true, bCleanupResources=true
[2020.01.11-15.23.10:724][277]LogSlate: Window 'VoodoPickles - Unreal Editor' being destroyed
[2020.01.11-15.23.10:725][277]LogWindowsTextInputMethodSystem: Display: IME system now deactivated.
[2020.01.11-15.23.10:865][278]Cmd: QUIT_EDITOR
[2020.01.11-15.23.11:264][278]LogExit: Preparing to exit.
[2020.01.11-15.23.12:133][278]LogWorld: UWorld::CleanupWorld for World_0, bSessionEnded=true, bCleanupResources=true
[2020.01.11-15.23.12:136][278]LogWorld: UWorld::CleanupWorld for World_2, bSessionEnded=true, bCleanupResources=true
[2020.01.11-15.23.12:139][278]LogWorld: UWorld::CleanupWorld for World_5, bSessionEnded=true, bCleanupResources=true
[2020.01.11-15.23.12:142][278]LogWorld: UWorld::CleanupWorld for World_3, bSessionEnded=true, bCleanupResources=true
[2020.01.11-15.23.12:145][278]LogWorld: UWorld::CleanupWorld for World_4, bSessionEnded=true, bCleanupResources=true
[2020.01.11-15.23.12:187][278]LogDemo: Cleaned up 0 splitscreen connections with owner deletion
[2020.01.11-15.23.12:195][278]LogWorld: UWorld::CleanupWorld for None, bSessionEnded=true, bCleanupResources=true
[2020.01.11-15.23.12:195][278]LogExit: Editor shut down
[2020.01.11-15.23.12:196][278]LogExit: Transaction tracking system shut down
[2020.01.11-15.23.12:556][278]LogExit: Object subsystem successfully closed.
[2020.01.11-15.23.12:583][278]LogShaderCompilers: Display: Shaders left to compile 0
[2020.01.11-15.23.12:592][278]LogModuleManager: Shutting down and abandoning module MovieSceneCapture (674)
[2020.01.11-15.23.12:593][278]LogModuleManager: Shutting down and abandoning module Voice (672)
[2020.01.11-15.23.12:593][278]LogModuleManager: Shutting down and abandoning module BlueprintGraph (670)
[2020.01.11-15.23.12:593][278]LogModuleManager: Shutting down and abandoning module HierarchicalLODOutliner (668)
[2020.01.11-15.23.12:593][278]LogModuleManager: Shutting down and abandoning module SceneOutliner (666)
[2020.01.11-15.23.12:593][278]LogModuleManager: Shutting down and abandoning module AddContentDialog (664)
[2020.01.11-15.23.12:593][278]LogModuleManager: Shutting down and abandoning module WidgetCarousel (663)
[2020.01.11-15.23.12:593][278]LogModuleManager: Shutting down and abandoning module EditorWidgets (660)
[2020.01.11-15.23.12:593][278]LogModuleManager: Shutting down and abandoning module CollectionManager (658)
[2020.01.11-15.23.12:593][278]LogModuleManager: Shutting down and abandoning module StatsViewer (656)
[2020.01.11-15.23.12:593][278]LogModuleManager: Shutting down and abandoning module VirtualTexturingEditor (654)
[2020.01.11-15.23.12:593][278]LogModuleManager: Shutting down and abandoning module FoliageEdit (652)
[2020.01.11-15.23.12:593][278]LogModuleManager: Shutting down and abandoning module LandscapeEditor (650)
[2020.01.11-15.23.12:593][278]LogModuleManager: Shutting down and abandoning module MeshPaintMode (648)
[2020.01.11-15.23.12:593][278]LogModuleManager: Shutting down and abandoning module SceneDepthPickerMode (646)
[2020.01.11-15.23.12:593][278]LogModuleManager: Shutting down and abandoning module ActorPickerMode (644)
[2020.01.11-15.23.12:593][278]LogModuleManager: Shutting down and abandoning module GeometryMode (642)
[2020.01.11-15.23.12:593][278]LogModuleManager: Shutting down and abandoning module TextureAlignMode (640)
[2020.01.11-15.23.12:593][278]LogModuleManager: Shutting down and abandoning module BspMode (638)
[2020.01.11-15.23.12:593][278]LogModuleManager: Shutting down and abandoning module PIEPreviewDeviceProfileSelector (636)
[2020.01.11-15.23.12:593][278]LogModuleManager: Shutting down and abandoning module SequenceRecorderSections (634)
[2020.01.11-15.23.12:593][278]LogModuleManager: Shutting down and abandoning module AutomationWorker (632)
[2020.01.11-15.23.12:593][278]LogModuleManager: Shutting down and abandoning module OculusMR (630)
[2020.01.11-15.23.12:593][278]LogModuleManager: Shutting down and abandoning module AudioCaptureEditor (628)
[2020.01.11-15.23.12:593][278]LogModuleManager: Shutting down and abandoning module MatineeToLevelSequence (626)
[2020.01.11-15.23.12:593][278]LogModuleManager: Shutting down and abandoning module LevelSequenceEditor (624)
[2020.01.11-15.23.12:593][278]LogModuleManager: Shutting down and abandoning module PlacementMode (623)
[2020.01.11-15.23.12:594][278]LogModuleManager: Shutting down and abandoning module MaterialEditor (622)
[2020.01.11-15.23.12:594][278]LogModuleManager: Shutting down and abandoning module ActorSequenceEditor (618)
[2020.01.11-15.23.12:594][278]LogModuleManager: Shutting down and abandoning module WmfMediaFactory (616)
[2020.01.11-15.23.12:594][278]LogModuleManager: Shutting down and abandoning module WmfMediaEditor (614)
[2020.01.11-15.23.12:594][278]LogModuleManager: Shutting down and abandoning module WebMMediaFactory (612)
[2020.01.11-15.23.12:594][278]LogModuleManager: Shutting down and abandoning module WebMMediaEditor (610)
[2020.01.11-15.23.12:594][278]LogModuleManager: Shutting down and abandoning module WebMMedia (608)
[2020.01.11-15.23.12:594][278]LogModuleManager: Shutting down and abandoning module MediaPlayerEditor (606)
[2020.01.11-15.23.12:594][278]LogModuleManager: Shutting down and abandoning module MediaCompositingEditor (604)
[2020.01.11-15.23.12:594][278]LogModuleManager: Shutting down and abandoning module SequenceRecorder (603)
[2020.01.11-15.23.12:594][278]LogModuleManager: Shutting down and abandoning module OpenExrWrapper (600)
[2020.01.11-15.23.12:594][278]LogModuleManager: Shutting down and abandoning module ImgMediaFactory (598)
[2020.01.11-15.23.12:594][278]LogModuleManager: Shutting down and abandoning module ImgMediaEditor (596)
[2020.01.11-15.23.12:594][278]LogModuleManager: Shutting down and abandoning module AvfMediaFactory (594)
[2020.01.11-15.23.12:594][278]LogModuleManager: Shutting down and abandoning module AvfMediaEditor (592)
[2020.01.11-15.23.12:594][278]LogModuleManager: Shutting down and abandoning module AndroidMediaFactory (590)
[2020.01.11-15.23.12:594][278]LogModuleManager: Shutting down and abandoning module AndroidMediaEditor (588)
[2020.01.11-15.23.12:594][278]LogModuleManager: Shutting down and abandoning module MagicLeapCameraPreviewFactory (586)
[2020.01.11-15.23.12:594][278]LogModuleManager: Shutting down and abandoning module MagicLeapMediaCodecFactory (584)
[2020.01.11-15.23.12:594][278]LogModuleManager: Shutting down and abandoning module MagicLeapMediaFactory (582)
[2020.01.11-15.23.12:594][278]LogModuleManager: Shutting down and abandoning module MagicLeapMediaEditor (580)
[2020.01.11-15.23.12:594][278]LogModuleManager: Shutting down and abandoning module CharacterAI (578)
[2020.01.11-15.23.12:594][278]LogModuleManager: Shutting down and abandoning module SmartSnapping (576)
[2020.01.11-15.23.12:594][278]LogModuleManager: Shutting down and abandoning module SessionServices (574)
[2020.01.11-15.23.12:594][278]LogModuleManager: Shutting down and abandoning module MeshPaint (572)
[2020.01.11-15.23.12:594][278]LogModuleManager: Shutting down and abandoning module ViewportSnapping (570)
[2020.01.11-15.23.12:594][278]LogModuleManager: Shutting down and abandoning module ViewportInteraction (568)
[2020.01.11-15.23.12:594][278]LogModuleManager: Shutting down and abandoning module ClothPainter (566)
[2020.01.11-15.23.12:594][278]LogModuleManager: Shutting down and abandoning module SkeletalMeshEditor (565)
[2020.01.11-15.23.12:594][278]LogModuleManager: Shutting down and abandoning module LogVisualizer (562)
[2020.01.11-15.23.12:594][278]LogModuleManager: Shutting down and abandoning module IntroTutorials (560)
[2020.01.11-15.23.12:594][278]LogModuleManager: Shutting down and abandoning module GameProjectGeneration (559)
[2020.01.11-15.23.12:594][278]LogModuleManager: Shutting down and abandoning module LuminPlatformEditor (556)
[2020.01.11-15.23.12:594][278]LogModuleManager: Shutting down and abandoning module IOSPlatformEditor (554)
[2020.01.11-15.23.12:594][278]LogModuleManager: Shutting down and abandoning module HTML5PlatformEditor (552)
[2020.01.11-15.23.12:594][278]LogModuleManager: Shutting down and abandoning module AndroidPlatformEditor (550)
[2020.01.11-15.23.12:594][278]LogModuleManager: Shutting down and abandoning module AndroidDeviceDetection (549)
[2020.01.11-15.23.13:065][278]LogModuleManager: Shutting down and abandoning module WindowsPlatformEditor (546)
[2020.01.11-15.23.13:065][278]LogModuleManager: Shutting down and abandoning module LuminRuntimeSettings (544)
[2020.01.11-15.23.13:065][278]LogModuleManager: Shutting down and abandoning module IOSRuntimeSettings (542)
[2020.01.11-15.23.13:065][278]LogModuleManager: Shutting down and abandoning module AndroidRuntimeSettings (540)
[2020.01.11-15.23.13:066][278]LogModuleManager: Shutting down and abandoning module TimeManagementEditor (538)
[2020.01.11-15.23.13:066][278]LogModuleManager: Shutting down and abandoning module InputBindingEditor (536)
[2020.01.11-15.23.13:066][278]LogModuleManager: Shutting down and abandoning module MergeActors (534)
[2020.01.11-15.23.13:066][278]LogModuleManager: Shutting down and abandoning module LocalizationDashboard (532)
[2020.01.11-15.23.13:066][278]LogModuleManager: Shutting down and abandoning module LocalizationService (531)
[2020.01.11-15.23.13:067][278]LogModuleManager: Shutting down and abandoning module HardwareTargeting (528)
[2020.01.11-15.23.13:067][278]LogModuleManager: Shutting down and abandoning module DeviceProfileEditor (526)
[2020.01.11-15.23.13:067][278]LogModuleManager: Shutting down and abandoning module UndoHistory (524)
[2020.01.11-15.23.13:067][278]LogModuleManager: Shutting down and abandoning module XmlParser (522)
[2020.01.11-15.23.13:067][278]LogModuleManager: Shutting down and abandoning module Blutility (520)
[2020.01.11-15.23.13:067][278]LogModuleManager: Shutting down and abandoning module ProjectSettingsViewer (518)
[2020.01.11-15.23.13:067][278]LogModuleManager: Shutting down and abandoning module ProjectTargetPlatformEditor (517)
[2020.01.11-15.23.13:067][278]LogModuleManager: Shutting down and abandoning module EditorSettingsViewer (514)
[2020.01.11-15.23.13:067][278]LogModuleManager: Shutting down and abandoning module SettingsEditor (512)
[2020.01.11-15.23.13:067][278]LogModuleManager: Shutting down and abandoning module ProjectLauncher (510)
[2020.01.11-15.23.13:067][278]LogModuleManager: Shutting down and abandoning module SessionFrontend (508)
[2020.01.11-15.23.13:067][278]LogModuleManager: Shutting down and abandoning module ProfilerClient (506)
[2020.01.11-15.23.13:067][278]LogModuleManager: Shutting down and abandoning module DeviceManager (504)
[2020.01.11-15.23.13:067][278]LogModuleManager: Shutting down and abandoning module TargetDeviceServices (503)
[2020.01.11-15.23.13:124][278]LogModuleManager: Shutting down and abandoning module AutomationController (500)
[2020.01.11-15.23.13:124][278]LogModuleManager: Shutting down and abandoning module AutomationWindow (498)
[2020.01.11-15.23.13:124][278]LogModuleManager: Shutting down and abandoning module Layers (496)
[2020.01.11-15.23.13:124][278]LogModuleManager: Shutting down and abandoning module ComponentVisualizers (494)
[2020.01.11-15.23.13:124][278]LogModuleManager: Shutting down and abandoning module DetailCustomizations (492)
[2020.01.11-15.23.13:124][278]LogModuleManager: Shutting down and abandoning module PackagesDialog (490)
[2020.01.11-15.23.13:124][278]LogModuleManager: Shutting down and abandoning module AnimationBlueprintEditor (488)
[2020.01.11-15.23.13:124][278]LogModuleManager: Shutting down and abandoning module Persona (486)
[2020.01.11-15.23.13:124][278]LogModuleManager: Shutting down and abandoning module AdvancedPreviewScene (485)
[2020.01.11-15.23.13:124][278]LogModuleManager: Shutting down and abandoning module AnimGraph (483)
[2020.01.11-15.23.13:124][278]LogModuleManager: Shutting down and abandoning module Kismet (480)
[2020.01.11-15.23.13:144][278]LogModuleManager: Shutting down and abandoning module KismetWidgets (479)
[2020.01.11-15.23.13:144][278]LogModuleManager: Shutting down and abandoning module GraphEditor (476)
[2020.01.11-15.23.13:144][278]LogModuleManager: Shutting down and abandoning module StructViewer (474)
[2020.01.11-15.23.13:144][278]LogModuleManager: Shutting down and abandoning module ClassViewer (472